<?xml version="1.0" encoding="UTF-8"?>
<testsuites name="VSP-Profile-TestSuite" time="1082.498" tests="10" failures="0" errors="0">
   <testsuite name="VSP-Profile-TestSuite" tests="10" failures="0" errors="0" time="1082.498" skipped="0" timestamp="2023-02-21 13:54:02" hostname="imtiaz - DESKTOP-B2QI6NS.govolution.com" id="Test Suites/QA/VSP-Bootstrap/VSP-Profile-TestSuite">
      <properties>
         <property name="deviceName" value=""/>
         <property name="devicePlatform" value=""/>
         <property name="logFolder" value="E:\\Cloned-Project-Katalon\\VPS-Katalon\\Reports\\20230221_135356\\QA\\VSP-Bootstrap\\VSP-Profile-TestSuite\\20230221_135356"/>
         <property name="logFiles" value="E:\\Cloned-Project-Katalon\\VPS-Katalon\\Reports\\20230221_135356\\QA\\VSP-Bootstrap\\VSP-Profile-TestSuite\\20230221_135356\\execution0.log"/>
         <property name="attachments" value=""/>
         <property name="hostName" value="imtiaz - DESKTOP-B2QI6NS.govolution.com"/>
         <property name="os" value="Windows 10 64bit"/>
         <property name="katalonVersion" value="8.2.5.208"/>
         <property name="browser" value="Chrome 110.0.0.0"/>
         <property name="hostAddress" value="172.31.253.135"/>
         <property name="sessionId" value="0b2b23f8f3e5fc00070f40423403f0b7"/>
         <property name="seleniumVersion" value="3.141.59"/>
         <property name="proxyInformation" value="ProxyInformation { proxyOption=NO_PROXY, proxyServerType=HTTP, username=, password=********, proxyServerAddress=, proxyServerPort=0, executionList=&quot;&quot;, isApplyToDesiredCapabilities=true }"/>
         <property name="platform" value="Windows 10"/>
      </properties>
      <testcase name="Test Cases/Admin Suite Bootstrap/VSP_Profile_TestCases/CreateAndDeleteProfile_Generic_TC" time="74.616" classname="Test Cases/Admin Suite Bootstrap/VSP_Profile_TestCases/CreateAndDeleteProfile_Generic_TC" status="PASSED">
         <system-out><![CDATA[2023-02-21 13:54:02 - [TEST_CASE][PASSED] - Test Cases/Admin Suite Bootstrap/VSP_Profile_TestCases/CreateAndDeleteProfile_Generic_TC: Test Cases/Admin Suite Bootstrap/VSP_Profile_TestCases/CreateAndDeleteProfile_Generic_TC

2023-02-21 13:54:03 - [TEST_STEP][PASSED] - path_Dashboard = "Object Repository/AdminSuiteBootstrap_Pages/Dashboard_Bootstrap/": null

2023-02-21 13:54:03 - [TEST_STEP][PASSED] - path_VT = "Object Repository/AdminSuiteBootstrap_Pages/VT_Bootstrap/IssueTransactions/": null

2023-02-21 13:54:03 - [TEST_STEP][PASSED] - path_CreateProfile = "Object Repository/AdminSuiteBootstrap_Pages/VSP_Bootstrap/CreateProfile/": null

2023-02-21 13:54:03 - [TEST_STEP][PASSED] - path_AddAccount = "Object Repository/AdminSuiteBootstrap_Pages/VSP_Bootstrap/AddAccount/": null

2023-02-21 13:54:03 - [TEST_STEP][PASSED] - path_Add_ACH = "Object Repository/AdminSuiteBootstrap_Pages/VSP_Bootstrap/AddACH/": null

2023-02-21 13:54:03 - [TEST_STEP][PASSED] - path_Add_CC = "Object Repository/AdminSuiteBootstrap_Pages/VSP_Bootstrap/AddCreditCard/": null

2023-02-21 13:54:03 - [TEST_STEP][PASSED] - path_App_Plan = "Object Repository/AdminSuiteBootstrap_Pages/VSP_Bootstrap/AddPaymentPlan/": null

2023-02-21 13:54:03 - [TEST_STEP][PASSED] - path_DeleteProfile = "Object Repository/AdminSuiteBootstrap_Pages/VSP_Bootstrap/DeleteProfile/": null

2023-02-21 13:54:03 - [TEST_STEP][PASSED] - path_ModifyProfile = "Object Repository/AdminSuiteBootstrap_Pages/VSP_Bootstrap/ModifyProfile/": null

2023-02-21 13:54:03 - [TEST_STEP][PASSED] - path_ViewProfile = "Object Repository/AdminSuiteBootstrap_Pages/VSP_Bootstrap/View Profile/": null

2023-02-21 13:54:03 - [TEST_STEP][PASSED] - path_VSPAuth = "Object Repository/AdminSuiteBootstrap_Pages/VSP_Bootstrap/VSP_Auth/": null

2023-02-21 13:54:03 - [TEST_STEP][PASSED] - path_VSPAuthCap = "Object Repository/AdminSuiteBootstrap_Pages/VSP_Bootstrap/VSP_Authcap/": null

2023-02-21 13:54:03 - [TEST_STEP][PASSED] - path_Debit = "Object Repository/AdminSuiteBootstrap_Pages/VSP_Bootstrap/VSP_Debit/": null

2023-02-21 13:54:03 - [TEST_STEP][PASSED] - path_DeleteProfileConfirm = "Object Repository/AdminSuiteBootstrap_Pages/VSP_Bootstrap/DeleteProfileConfirm/": null

2023-02-21 13:54:03 - [TEST_STEP][PASSED] - executionProfile = getExecutionProfile(): null

2023-02-21 13:54:03 - [TEST_STEP][PASSED] - out.println("executionProfile : " + executionProfile): null

2023-02-21 13:54:03 - [TEST_STEP][PASSED] - appName = <not implemented yet for class: org.codehaus.groovy.ast.expr.EmptyExpression>: null

2023-02-21 13:54:03 - [TEST_STEP][PASSED] - appID = <not implemented yet for class: org.codehaus.groovy.ast.expr.EmptyExpression>: null

2023-02-21 13:54:03 - [TEST_STEP][PASSED] - cardNameV = <not implemented yet for class: org.codehaus.groovy.ast.expr.EmptyExpression>: null

2023-02-21 13:54:03 - [TEST_STEP][PASSED] - al1V = <not implemented yet for class: org.codehaus.groovy.ast.expr.EmptyExpression>: null

2023-02-21 13:54:03 - [TEST_STEP][PASSED] - al2V = <not implemented yet for class: org.codehaus.groovy.ast.expr.EmptyExpression>: null

2023-02-21 13:54:03 - [TEST_STEP][PASSED] - zipV = <not implemented yet for class: org.codehaus.groovy.ast.expr.EmptyExpression>: null

2023-02-21 13:54:03 - [TEST_STEP][PASSED] - cardTypeV = <not implemented yet for class: org.codehaus.groovy.ast.expr.EmptyExpression>: null

2023-02-21 13:54:03 - [TEST_STEP][PASSED] - last4V = <not implemented yet for class: org.codehaus.groovy.ast.expr.EmptyExpression>: null

2023-02-21 13:54:03 - [TEST_STEP][PASSED] - nameSheet = "CreateProfile": null

2023-02-21 13:54:03 - [TEST_STEP][PASSED] - numOfRows = findTestData("QA/Bootstrap/VSP-Profile-TestData/CreateAndDeleteProfile").getRowNumbers(): null

2023-02-21 13:54:04 - [TEST_STEP][PASSED] - println("Number of Records: " + numOfRows): null

2023-02-21 13:54:04 - [TEST_STEP][PASSED] - dataFile = "QA/Bootstrap/VSP-Profile-TestData/CreateAndDeleteProfile": null

2023-02-21 13:54:04 - [TEST_STEP][PASSED] - for ([row = 1, row <= numOfRows, (row++)]): Browser is closed

2023-02-21 13:54:04 - [TEST_STEP][PASSED] - ExecuteTC = findTestData(dataFile).getValue("Execute", row): null

2023-02-21 13:54:04 - [TEST_STEP][PASSED] - out.println("Value of Execute is : " + ExecuteTC): null

2023-02-21 13:54:04 - [TEST_STEP][PASSED] - switch (executionProfile): null

2023-02-21 13:54:04 - [TEST_STEP][PASSED] - case "QAProfile":: null

2023-02-21 13:54:04 - [TEST_STEP][PASSED] - appName = findTestData(dataFile).getValue("AppNameQA", row): null

2023-02-21 13:54:04 - [TEST_STEP][PASSED] - appID = findTestData(dataFile).getValue("AppIDQA", row): null

2023-02-21 13:54:04 - [TEST_STEP][PASSED] - break: null

2023-02-21 13:54:04 - [TEST_STEP][PASSED] - if (ExecuteTC.equalsIgnoreCase("Y")): Browser is closed

2023-02-21 13:54:04 - [TEST_STEP][PASSED] - out.println("Begin Record Number: " + row): null

2023-02-21 13:54:04 - [TEST_STEP][PASSED] - today = new java.util.Date(): null

2023-02-21 13:54:04 - [TEST_STEP][PASSED] - println(today): null

2023-02-21 13:54:04 - [TEST_STEP][PASSED] - datText = today: null

2023-02-21 13:54:04 - [TEST_STEP][PASSED] - adminSuiteBootstrap.loginFunctionality.login_AdminSuite(): adminSuiteBootstrap.loginFunctionality.login_AdminSuite is PASSED

2023-02-21 13:54:05 - [MESSAGE][INFO] - Starting 'Chrome' driver

2023-02-21 13:54:05 - [MESSAGE][INFO] - User set preference: ['acceptInsecureCerts', 'true']

2023-02-21 13:54:05 - [MESSAGE][INFO] - Action delay is set to 0 milliseconds

2023-02-21 13:54:11 - [MESSAGE][PASSED] - Browser is opened with url: 'https://qa.velocitypayment.com/admin/imtiaz'

2023-02-21 13:54:11 - [MESSAGE][PASSED] - Current window maximized

2023-02-21 13:54:11 - [MESSAGE][PASSED] - Object 'Object Repository/Login_Page/Login_Username' is present

2023-02-21 13:54:12 - [MESSAGE][PASSED] - Text 'iahmed' is set on object 'Object Repository/Login_Page/Login_Username'

2023-02-21 13:54:13 - [MESSAGE][PASSED] - Text 'hello2222' is set on object 'Object Repository/Login_Page/Login_Password'

2023-02-21 13:54:18 - [MESSAGE][PASSED] - Object: 'Object Repository/Login_Page/Login_Submit' is clicked on

2023-02-21 13:54:18 - [MESSAGE][PASSED] - adminSuiteBootstrap.loginFunctionality.login_AdminSuite is PASSED

2023-02-21 13:54:18 - [TEST_STEP][PASSED] - click(findTestObject(path_Dashboard + appName)): Object: 'Object Repository/AdminSuiteBootstrap_Pages/Dashboard_Bootstrap/a_Access AutoNoCFtp' is clicked on

2023-02-21 13:54:19 - [MESSAGE][PASSED] - Object: 'Object Repository/AdminSuiteBootstrap_Pages/Dashboard_Bootstrap/a_Access AutoNoCFtp' is clicked on

2023-02-21 13:54:19 - [TEST_STEP][PASSED] - click(findTestObject(path_VT + "a_Create")): Object: 'Object Repository/AdminSuiteBootstrap_Pages/VT_Bootstrap/IssueTransactions/a_Create' is clicked on

2023-02-21 13:54:20 - [MESSAGE][PASSED] - Object: 'Object Repository/AdminSuiteBootstrap_Pages/VT_Bootstrap/IssueTransactions/a_Create' is clicked on

2023-02-21 13:54:20 - [TEST_STEP][PASSED] - vspBootstrap.CreateProfilePage.setDataCreateProfile(row, dataFile): vspBootstrap.CreateProfilePage.setDataCreateProfile is PASSED

2023-02-21 13:54:22 - [MESSAGE][PASSED] - Text '22201' is set on object 'Object Repository/AdminSuiteBootstrap_Pages/VSP_Bootstrap/CreateProfile/input_PostalCode'

2023-02-21 13:54:23 - [MESSAGE][PASSED] - Text 'tbWjN5hhx1E9' is set on object 'Object Repository/AdminSuiteBootstrap_Pages/VSP_Bootstrap/CreateProfile/input_profileName'

2023-02-21 13:54:24 - [MESSAGE][PASSED] - Text '' is set on object 'Object Repository/AdminSuiteBootstrap_Pages/VSP_Bootstrap/CreateProfile/input_CompanyName'

2023-02-21 13:54:25 - [MESSAGE][PASSED] - All options with label '' are selected in object 'Object Repository/AdminSuiteBootstrap_Pages/VSP_Bootstrap/CreateProfile/select_Title'  using regular expression

2023-02-21 13:54:26 - [MESSAGE][PASSED] - Text '' is set on object 'Object Repository/AdminSuiteBootstrap_Pages/VSP_Bootstrap/CreateProfile/input_FirstName'

2023-02-21 13:54:26 - [MESSAGE][PASSED] - Text '' is set on object 'Object Repository/AdminSuiteBootstrap_Pages/VSP_Bootstrap/CreateProfile/input_MiddleName'

2023-02-21 13:54:27 - [MESSAGE][PASSED] - Text '' is set on object 'Object Repository/AdminSuiteBootstrap_Pages/VSP_Bootstrap/CreateProfile/input_LastName'

2023-02-21 13:54:28 - [MESSAGE][PASSED] - All options with label '' are selected in object 'Object Repository/AdminSuiteBootstrap_Pages/VSP_Bootstrap/CreateProfile/select_Suffix'  using regular expression

2023-02-21 13:54:28 - [MESSAGE][PASSED] - Text '15 Toledo Road' is set on object 'Object Repository/AdminSuiteBootstrap_Pages/VSP_Bootstrap/CreateProfile/input_address1'

2023-02-21 13:54:29 - [MESSAGE][PASSED] - Text '' is set on object 'Object Repository/AdminSuiteBootstrap_Pages/VSP_Bootstrap/CreateProfile/input_AddressLine2'

2023-02-21 13:54:29 - [MESSAGE][PASSED] - Text '' is set on object 'Object Repository/AdminSuiteBootstrap_Pages/VSP_Bootstrap/CreateProfile/input_PostalCodeExt'

2023-02-21 13:54:30 - [MESSAGE][PASSED] - Text '' is set on object 'Object Repository/AdminSuiteBootstrap_Pages/VSP_Bootstrap/CreateProfile/input_EmaiAddress'

2023-02-21 13:54:31 - [MESSAGE][PASSED] - Text '' is set on object 'Object Repository/AdminSuiteBootstrap_Pages/VSP_Bootstrap/CreateProfile/input_HomePhoneNumber_HomeAreaCode'

2023-02-21 13:54:31 - [MESSAGE][PASSED] - Text '' is set on object 'Object Repository/AdminSuiteBootstrap_Pages/VSP_Bootstrap/CreateProfile/input_homePrefixNumber'

2023-02-21 13:54:32 - [MESSAGE][PASSED] - Text '' is set on object 'Object Repository/AdminSuiteBootstrap_Pages/VSP_Bootstrap/CreateProfile/input_homeSuffixNumber'

2023-02-21 13:54:32 - [MESSAGE][PASSED] - Text '' is set on object 'Object Repository/AdminSuiteBootstrap_Pages/VSP_Bootstrap/CreateProfile/input_MobilePhoneNumber_mobileAreaCode'

2023-02-21 13:54:33 - [MESSAGE][PASSED] - Text '' is set on object 'Object Repository/AdminSuiteBootstrap_Pages/VSP_Bootstrap/CreateProfile/input_mobilePrefixNumber'

2023-02-21 13:54:34 - [MESSAGE][PASSED] - Text '' is set on object 'Object Repository/AdminSuiteBootstrap_Pages/VSP_Bootstrap/CreateProfile/input_mobileSuffixNumber'

2023-02-21 13:54:34 - [MESSAGE][PASSED] - Text '' is set on object 'Object Repository/AdminSuiteBootstrap_Pages/VSP_Bootstrap/CreateProfile/input_WorkPhoneNumber_workAreaCode'

2023-02-21 13:54:35 - [MESSAGE][PASSED] - Text '' is set on object 'Object Repository/AdminSuiteBootstrap_Pages/VSP_Bootstrap/CreateProfile/input_workPrefixNumber'

2023-02-21 13:54:35 - [MESSAGE][PASSED] - Text '' is set on object 'Object Repository/AdminSuiteBootstrap_Pages/VSP_Bootstrap/CreateProfile/input_workSuffixNumber'

2023-02-21 13:54:36 - [MESSAGE][PASSED] - Text '' is set on object 'Object Repository/AdminSuiteBootstrap_Pages/VSP_Bootstrap/CreateProfile/input_Ext_workExtension'

2023-02-21 13:54:37 - [MESSAGE][PASSED] - Text '' is set on object 'Object Repository/AdminSuiteBootstrap_Pages/VSP_Bootstrap/CreateProfile/textarea_NotesComments_note'

2023-02-21 13:54:38 - [MESSAGE][PASSED] - Object: 'Object Repository/AdminSuiteBootstrap_Pages/VSP_Bootstrap/CreateProfile/button_Save' is clicked on

2023-02-21 13:54:38 - [MESSAGE][PASSED] - vspBootstrap.CreateProfilePage.setDataCreateProfile is PASSED

2023-02-21 13:54:38 - [TEST_STEP][PASSED] - verifyTextPresent("Profile successfully created", true): Text 'Profile successfully created' is present on page  using regular expression

2023-02-21 13:54:39 - [MESSAGE][PASSED] - Text 'Profile successfully created' is present on page  using regular expression

2023-02-21 13:54:39 - [TEST_STEP][PASSED] - verifyElementVisible(findTestObject(path_ViewProfile + "a_Modify Profile")): Object 'Object Repository/AdminSuiteBootstrap_Pages/VSP_Bootstrap/View Profile/a_Modify Profile' is visible

2023-02-21 13:54:39 - [MESSAGE][PASSED] - Object 'Object Repository/AdminSuiteBootstrap_Pages/VSP_Bootstrap/View Profile/a_Modify Profile' is visible

2023-02-21 13:54:39 - [TEST_STEP][PASSED] - verifyElementPresent(findTestObject(path_ViewProfile + "a_Modify Profile"), 30): Object 'Object Repository/AdminSuiteBootstrap_Pages/VSP_Bootstrap/View Profile/a_Modify Profile' is present

2023-02-21 13:54:39 - [MESSAGE][PASSED] - Object 'Object Repository/AdminSuiteBootstrap_Pages/VSP_Bootstrap/View Profile/a_Modify Profile' is present

2023-02-21 13:54:39 - [TEST_STEP][PASSED] - click(findTestObject(path_ViewProfile + "a_Delete Profile")): Object: 'Object Repository/AdminSuiteBootstrap_Pages/VSP_Bootstrap/View Profile/a_Delete Profile' is clicked on

2023-02-21 13:54:40 - [MESSAGE][PASSED] - Object: 'Object Repository/AdminSuiteBootstrap_Pages/VSP_Bootstrap/View Profile/a_Delete Profile' is clicked on

2023-02-21 13:54:40 - [TEST_STEP][PASSED] - verifyTextPresent("This will delete all of the following information. Are you sure you want to do this?", true): Text 'This will delete all of the following information. Are you sure you want to do this?' is present on page  using regular expression

2023-02-21 13:54:41 - [MESSAGE][PASSED] - Text 'This will delete all of the following information. Are you sure you want to do this?' is present on page  using regular expression

2023-02-21 13:54:41 - [TEST_STEP][PASSED] - click(findTestObject(path_DeleteProfileConfirm + "button_Delete")): Object: 'Object Repository/AdminSuiteBootstrap_Pages/VSP_Bootstrap/DeleteProfileConfirm/button_Delete' is clicked on

2023-02-21 13:54:42 - [MESSAGE][PASSED] - Object: 'Object Repository/AdminSuiteBootstrap_Pages/VSP_Bootstrap/DeleteProfileConfirm/button_Delete' is clicked on

2023-02-21 13:54:42 - [TEST_STEP][PASSED] - verifyTextPresent("No Search String", true): Text 'No Search String' is present on page  using regular expression

2023-02-21 13:54:42 - [MESSAGE][PASSED] - Text 'No Search String' is present on page  using regular expression

2023-02-21 13:54:42 - [TEST_STEP][PASSED] - verifyTextPresent("You must provide a search string of at least 2 characters", true): Text 'You must provide a search string of at least 2 characters' is present on page  using regular expression

2023-02-21 13:54:43 - [MESSAGE][PASSED] - Text 'You must provide a search string of at least 2 characters' is present on page  using regular expression

2023-02-21 13:54:43 - [TEST_STEP][PASSED] - closeBrowser(): Browser is closed

2023-02-21 13:54:43 - [MESSAGE][PASSED] - Browser is closed

2023-02-21 13:54:43 - [TEST_STEP][PASSED] - ExecuteTC = findTestData(dataFile).getValue("Execute", row): null

2023-02-21 13:54:44 - [TEST_STEP][PASSED] - out.println("Value of Execute is : " + ExecuteTC): null

2023-02-21 13:54:44 - [TEST_STEP][PASSED] - switch (executionProfile): null

2023-02-21 13:54:44 - [TEST_STEP][PASSED] - case "QAProfile":: null

2023-02-21 13:54:44 - [TEST_STEP][PASSED] - appName = findTestData(dataFile).getValue("AppNameQA", row): null

2023-02-21 13:54:44 - [TEST_STEP][PASSED] - appID = findTestData(dataFile).getValue("AppIDQA", row): null

2023-02-21 13:54:44 - [TEST_STEP][PASSED] - break: null

2023-02-21 13:54:44 - [TEST_STEP][PASSED] - if (ExecuteTC.equalsIgnoreCase("Y")): Browser is closed

2023-02-21 13:54:44 - [TEST_STEP][PASSED] - out.println("Begin Record Number: " + row): null

2023-02-21 13:54:44 - [TEST_STEP][PASSED] - today = new java.util.Date(): null

2023-02-21 13:54:44 - [TEST_STEP][PASSED] - println(today): null

2023-02-21 13:54:44 - [TEST_STEP][PASSED] - datText = today: null

2023-02-21 13:54:44 - [TEST_STEP][PASSED] - adminSuiteBootstrap.loginFunctionality.login_AdminSuite(): adminSuiteBootstrap.loginFunctionality.login_AdminSuite is PASSED

2023-02-21 13:54:44 - [MESSAGE][INFO] - Starting 'Chrome' driver

2023-02-21 13:54:44 - [MESSAGE][INFO] - User set preference: ['acceptInsecureCerts', 'true']

2023-02-21 13:54:44 - [MESSAGE][INFO] - Action delay is set to 0 milliseconds

2023-02-21 13:54:46 - [MESSAGE][PASSED] - Browser is opened with url: 'https://qa.velocitypayment.com/admin/imtiaz'

2023-02-21 13:54:46 - [MESSAGE][PASSED] - Current window maximized

2023-02-21 13:54:47 - [MESSAGE][PASSED] - Object 'Object Repository/Login_Page/Login_Username' is present

2023-02-21 13:54:47 - [MESSAGE][PASSED] - Text 'iahmed' is set on object 'Object Repository/Login_Page/Login_Username'

2023-02-21 13:54:48 - [MESSAGE][PASSED] - Text 'hello2222' is set on object 'Object Repository/Login_Page/Login_Password'

2023-02-21 13:54:52 - [MESSAGE][PASSED] - Object: 'Object Repository/Login_Page/Login_Submit' is clicked on

2023-02-21 13:54:52 - [MESSAGE][PASSED] - adminSuiteBootstrap.loginFunctionality.login_AdminSuite is PASSED

2023-02-21 13:54:52 - [TEST_STEP][PASSED] - click(findTestObject(path_Dashboard + appName)): Object: 'Object Repository/AdminSuiteBootstrap_Pages/Dashboard_Bootstrap/a_Access AutoNoCFtp' is clicked on

2023-02-21 13:54:53 - [MESSAGE][PASSED] - Object: 'Object Repository/AdminSuiteBootstrap_Pages/Dashboard_Bootstrap/a_Access AutoNoCFtp' is clicked on

2023-02-21 13:54:53 - [TEST_STEP][PASSED] - click(findTestObject(path_VT + "a_Create")): Object: 'Object Repository/AdminSuiteBootstrap_Pages/VT_Bootstrap/IssueTransactions/a_Create' is clicked on

2023-02-21 13:54:54 - [MESSAGE][PASSED] - Object: 'Object Repository/AdminSuiteBootstrap_Pages/VT_Bootstrap/IssueTransactions/a_Create' is clicked on

2023-02-21 13:54:54 - [TEST_STEP][PASSED] - vspBootstrap.CreateProfilePage.setDataCreateProfile(row, dataFile): vspBootstrap.CreateProfilePage.setDataCreateProfile is PASSED

2023-02-21 13:54:56 - [MESSAGE][PASSED] - Text '21054' is set on object 'Object Repository/AdminSuiteBootstrap_Pages/VSP_Bootstrap/CreateProfile/input_PostalCode'

2023-02-21 13:54:57 - [MESSAGE][PASSED] - Text 'u3EDFuHjEQZN' is set on object 'Object Repository/AdminSuiteBootstrap_Pages/VSP_Bootstrap/CreateProfile/input_profileName'

2023-02-21 13:54:57 - [MESSAGE][PASSED] - Text 'Ace Company' is set on object 'Object Repository/AdminSuiteBootstrap_Pages/VSP_Bootstrap/CreateProfile/input_CompanyName'

2023-02-21 13:54:58 - [MESSAGE][PASSED] - All options with label 'Mr.' are selected in object 'Object Repository/AdminSuiteBootstrap_Pages/VSP_Bootstrap/CreateProfile/select_Title'  using regular expression

2023-02-21 13:54:59 - [MESSAGE][PASSED] - Text 'Alexander' is set on object 'Object Repository/AdminSuiteBootstrap_Pages/VSP_Bootstrap/CreateProfile/input_FirstName'

2023-02-21 13:55:00 - [MESSAGE][PASSED] - Text 'KT' is set on object 'Object Repository/AdminSuiteBootstrap_Pages/VSP_Bootstrap/CreateProfile/input_MiddleName'

2023-02-21 13:55:00 - [MESSAGE][PASSED] - Text 'Lewis' is set on object 'Object Repository/AdminSuiteBootstrap_Pages/VSP_Bootstrap/CreateProfile/input_LastName'

2023-02-21 13:55:01 - [MESSAGE][PASSED] - All options with label 'Sr.' are selected in object 'Object Repository/AdminSuiteBootstrap_Pages/VSP_Bootstrap/CreateProfile/select_Suffix'  using regular expression

2023-02-21 13:55:02 - [MESSAGE][PASSED] - Text '256987 Nolm Ct' is set on object 'Object Repository/AdminSuiteBootstrap_Pages/VSP_Bootstrap/CreateProfile/input_address1'

2023-02-21 13:55:02 - [MESSAGE][PASSED] - Text 'Suite 678' is set on object 'Object Repository/AdminSuiteBootstrap_Pages/VSP_Bootstrap/CreateProfile/input_AddressLine2'

2023-02-21 13:55:03 - [MESSAGE][PASSED] - Text '1234' is set on object 'Object Repository/AdminSuiteBootstrap_Pages/VSP_Bootstrap/CreateProfile/input_PostalCodeExt'

2023-02-21 13:55:04 - [MESSAGE][PASSED] - Text 'iahmed@govolution.com' is set on object 'Object Repository/AdminSuiteBootstrap_Pages/VSP_Bootstrap/CreateProfile/input_EmaiAddress'

2023-02-21 13:55:04 - [MESSAGE][PASSED] - Text '240' is set on object 'Object Repository/AdminSuiteBootstrap_Pages/VSP_Bootstrap/CreateProfile/input_HomePhoneNumber_HomeAreaCode'

2023-02-21 13:55:05 - [MESSAGE][PASSED] - Text '628' is set on object 'Object Repository/AdminSuiteBootstrap_Pages/VSP_Bootstrap/CreateProfile/input_homePrefixNumber'

2023-02-21 13:55:05 - [MESSAGE][PASSED] - Text '0790' is set on object 'Object Repository/AdminSuiteBootstrap_Pages/VSP_Bootstrap/CreateProfile/input_homeSuffixNumber'

2023-02-21 13:55:06 - [MESSAGE][PASSED] - Text '240' is set on object 'Object Repository/AdminSuiteBootstrap_Pages/VSP_Bootstrap/CreateProfile/input_MobilePhoneNumber_mobileAreaCode'

2023-02-21 13:55:07 - [MESSAGE][PASSED] - Text '628' is set on object 'Object Repository/AdminSuiteBootstrap_Pages/VSP_Bootstrap/CreateProfile/input_mobilePrefixNumber'

2023-02-21 13:55:07 - [MESSAGE][PASSED] - Text '0791' is set on object 'Object Repository/AdminSuiteBootstrap_Pages/VSP_Bootstrap/CreateProfile/input_mobileSuffixNumber'

2023-02-21 13:55:08 - [MESSAGE][PASSED] - Text '410' is set on object 'Object Repository/AdminSuiteBootstrap_Pages/VSP_Bootstrap/CreateProfile/input_WorkPhoneNumber_workAreaCode'

2023-02-21 13:55:08 - [MESSAGE][PASSED] - Text '628' is set on object 'Object Repository/AdminSuiteBootstrap_Pages/VSP_Bootstrap/CreateProfile/input_workPrefixNumber'

2023-02-21 13:55:09 - [MESSAGE][PASSED] - Text '0792' is set on object 'Object Repository/AdminSuiteBootstrap_Pages/VSP_Bootstrap/CreateProfile/input_workSuffixNumber'

2023-02-21 13:55:10 - [MESSAGE][PASSED] - Text '123' is set on object 'Object Repository/AdminSuiteBootstrap_Pages/VSP_Bootstrap/CreateProfile/input_Ext_workExtension'

2023-02-21 13:55:10 - [MESSAGE][PASSED] - Text 'This Profile will be deleted' is set on object 'Object Repository/AdminSuiteBootstrap_Pages/VSP_Bootstrap/CreateProfile/textarea_NotesComments_note'

2023-02-21 13:55:12 - [MESSAGE][PASSED] - Object: 'Object Repository/AdminSuiteBootstrap_Pages/VSP_Bootstrap/CreateProfile/button_Save' is clicked on

2023-02-21 13:55:12 - [MESSAGE][PASSED] - vspBootstrap.CreateProfilePage.setDataCreateProfile is PASSED

2023-02-21 13:55:12 - [TEST_STEP][PASSED] - verifyTextPresent("Profile successfully created", true): Text 'Profile successfully created' is present on page  using regular expression

2023-02-21 13:55:12 - [MESSAGE][PASSED] - Text 'Profile successfully created' is present on page  using regular expression

2023-02-21 13:55:12 - [TEST_STEP][PASSED] - verifyElementVisible(findTestObject(path_ViewProfile + "a_Modify Profile")): Object 'Object Repository/AdminSuiteBootstrap_Pages/VSP_Bootstrap/View Profile/a_Modify Profile' is visible

2023-02-21 13:55:12 - [MESSAGE][PASSED] - Object 'Object Repository/AdminSuiteBootstrap_Pages/VSP_Bootstrap/View Profile/a_Modify Profile' is visible

2023-02-21 13:55:12 - [TEST_STEP][PASSED] - verifyElementPresent(findTestObject(path_ViewProfile + "a_Modify Profile"), 30): Object 'Object Repository/AdminSuiteBootstrap_Pages/VSP_Bootstrap/View Profile/a_Modify Profile' is present

2023-02-21 13:55:13 - [MESSAGE][PASSED] - Object 'Object Repository/AdminSuiteBootstrap_Pages/VSP_Bootstrap/View Profile/a_Modify Profile' is present

2023-02-21 13:55:13 - [TEST_STEP][PASSED] - click(findTestObject(path_ViewProfile + "a_Delete Profile")): Object: 'Object Repository/AdminSuiteBootstrap_Pages/VSP_Bootstrap/View Profile/a_Delete Profile' is clicked on

2023-02-21 13:55:14 - [MESSAGE][PASSED] - Object: 'Object Repository/AdminSuiteBootstrap_Pages/VSP_Bootstrap/View Profile/a_Delete Profile' is clicked on

2023-02-21 13:55:14 - [TEST_STEP][PASSED] - verifyTextPresent("This will delete all of the following information. Are you sure you want to do this?", true): Text 'This will delete all of the following information. Are you sure you want to do this?' is present on page  using regular expression

2023-02-21 13:55:14 - [MESSAGE][PASSED] - Text 'This will delete all of the following information. Are you sure you want to do this?' is present on page  using regular expression

2023-02-21 13:55:14 - [TEST_STEP][PASSED] - click(findTestObject(path_DeleteProfileConfirm + "button_Delete")): Object: 'Object Repository/AdminSuiteBootstrap_Pages/VSP_Bootstrap/DeleteProfileConfirm/button_Delete' is clicked on

2023-02-21 13:55:15 - [MESSAGE][PASSED] - Object: 'Object Repository/AdminSuiteBootstrap_Pages/VSP_Bootstrap/DeleteProfileConfirm/button_Delete' is clicked on

2023-02-21 13:55:15 - [TEST_STEP][PASSED] - verifyTextPresent("No Search String", true): Text 'No Search String' is present on page  using regular expression

2023-02-21 13:55:16 - [MESSAGE][PASSED] - Text 'No Search String' is present on page  using regular expression

2023-02-21 13:55:16 - [TEST_STEP][PASSED] - verifyTextPresent("You must provide a search string of at least 2 characters", true): Text 'You must provide a search string of at least 2 characters' is present on page  using regular expression

2023-02-21 13:55:16 - [MESSAGE][PASSED] - Text 'You must provide a search string of at least 2 characters' is present on page  using regular expression

2023-02-21 13:55:16 - [TEST_STEP][PASSED] - closeBrowser(): Browser is closed

2023-02-21 13:55:17 - [MESSAGE][PASSED] - Browser is closed]]></system-out>
         <system-err><![CDATA[]]></system-err>
      </testcase>
      <testcase name="Test Cases/Admin Suite Bootstrap/VSP_Profile_TestCases/AddDeleteCCNotPre_Generic_TC" time="107.881" classname="Test Cases/Admin Suite Bootstrap/VSP_Profile_TestCases/AddDeleteCCNotPre_Generic_TC" status="PASSED">
         <system-out><![CDATA[2023-02-21 13:55:17 - [TEST_CASE][PASSED] - Test Cases/Admin Suite Bootstrap/VSP_Profile_TestCases/AddDeleteCCNotPre_Generic_TC: Test Cases/Admin Suite Bootstrap/VSP_Profile_TestCases/AddDeleteCCNotPre_Generic_TC

2023-02-21 13:55:17 - [TEST_STEP][PASSED] - path_Dashboard = "Object Repository/AdminSuiteBootstrap_Pages/Dashboard_Bootstrap/": null

2023-02-21 13:55:17 - [TEST_STEP][PASSED] - path_VT = "Object Repository/AdminSuiteBootstrap_Pages/VT_Bootstrap/IssueTransactions/": null

2023-02-21 13:55:17 - [TEST_STEP][PASSED] - path_CreateProfile = "Object Repository/AdminSuiteBootstrap_Pages/VSP_Bootstrap/CreateProfile/": null

2023-02-21 13:55:17 - [TEST_STEP][PASSED] - path_AddAccount = "Object Repository/AdminSuiteBootstrap_Pages/VSP_Bootstrap/AddAccount/": null

2023-02-21 13:55:17 - [TEST_STEP][PASSED] - path_Add_ACH = "Object Repository/AdminSuiteBootstrap_Pages/VSP_Bootstrap/AddACH/": null

2023-02-21 13:55:17 - [TEST_STEP][PASSED] - path_Add_CC = "Object Repository/AdminSuiteBootstrap_Pages/VSP_Bootstrap/AddCreditCard/": null

2023-02-21 13:55:17 - [TEST_STEP][PASSED] - path_App_Plan = "Object Repository/AdminSuiteBootstrap_Pages/VSP_Bootstrap/AddPaymentPlan/": null

2023-02-21 13:55:17 - [TEST_STEP][PASSED] - path_DeleteProfile = "Object Repository/AdminSuiteBootstrap_Pages/VSP_Bootstrap/DeleteProfile/": null

2023-02-21 13:55:17 - [TEST_STEP][PASSED] - path_ModifyProfile = "Object Repository/AdminSuiteBootstrap_Pages/VSP_Bootstrap/ModifyProfile/": null

2023-02-21 13:55:17 - [TEST_STEP][PASSED] - path_ViewProfile = "Object Repository/AdminSuiteBootstrap_Pages/VSP_Bootstrap/View Profile/": null

2023-02-21 13:55:17 - [TEST_STEP][PASSED] - path_VSPAuth = "Object Repository/AdminSuiteBootstrap_Pages/VSP_Bootstrap/VSP_Auth/": null

2023-02-21 13:55:17 - [TEST_STEP][PASSED] - path_VSPAuthCap = "Object Repository/AdminSuiteBootstrap_Pages/VSP_Bootstrap/VSP_Authcap/": null

2023-02-21 13:55:17 - [TEST_STEP][PASSED] - path_Debit = "Object Repository/AdminSuiteBootstrap_Pages/VSP_Bootstrap/VSP_Debit/": null

2023-02-21 13:55:17 - [TEST_STEP][PASSED] - path_DeleteProfileConfirm = "Object Repository/AdminSuiteBootstrap_Pages/VSP_Bootstrap/DeleteProfileConfirm/": null

2023-02-21 13:55:17 - [TEST_STEP][PASSED] - executionProfile = getExecutionProfile(): null

2023-02-21 13:55:17 - [TEST_STEP][PASSED] - out.println("executionProfile : " + executionProfile): null

2023-02-21 13:55:17 - [TEST_STEP][PASSED] - appName = <not implemented yet for class: org.codehaus.groovy.ast.expr.EmptyExpression>: null

2023-02-21 13:55:17 - [TEST_STEP][PASSED] - appID = <not implemented yet for class: org.codehaus.groovy.ast.expr.EmptyExpression>: null

2023-02-21 13:55:17 - [TEST_STEP][PASSED] - cardNameV = <not implemented yet for class: org.codehaus.groovy.ast.expr.EmptyExpression>: null

2023-02-21 13:55:17 - [TEST_STEP][PASSED] - al1V = <not implemented yet for class: org.codehaus.groovy.ast.expr.EmptyExpression>: null

2023-02-21 13:55:17 - [TEST_STEP][PASSED] - al2V = <not implemented yet for class: org.codehaus.groovy.ast.expr.EmptyExpression>: null

2023-02-21 13:55:17 - [TEST_STEP][PASSED] - zipV = <not implemented yet for class: org.codehaus.groovy.ast.expr.EmptyExpression>: null

2023-02-21 13:55:17 - [TEST_STEP][PASSED] - cardTypeV = <not implemented yet for class: org.codehaus.groovy.ast.expr.EmptyExpression>: null

2023-02-21 13:55:17 - [TEST_STEP][PASSED] - last4V = <not implemented yet for class: org.codehaus.groovy.ast.expr.EmptyExpression>: null

2023-02-21 13:55:17 - [TEST_STEP][PASSED] - nameSheet = "AddDeleteCCNotPrepopulated": null

2023-02-21 13:55:17 - [TEST_STEP][PASSED] - numOfRows = findTestData("QA/Bootstrap/VSP-Profile-TestData/AddCCNotPrepopulated").getRowNumbers(): null

2023-02-21 13:55:17 - [TEST_STEP][PASSED] - println("Number of Records: " + numOfRows): null

2023-02-21 13:55:17 - [TEST_STEP][PASSED] - dataFile = "QA/Bootstrap/VSP-Profile-TestData/AddCCNotPrepopulated": null

2023-02-21 13:55:17 - [TEST_STEP][PASSED] - for ([row = 1, row <= numOfRows, (row++)]): Browser is closed

2023-02-21 13:55:17 - [TEST_STEP][PASSED] - ExecuteTC = findTestData(dataFile).getValue("Execute", row): null

2023-02-21 13:55:17 - [TEST_STEP][PASSED] - out.println("Value of Execute is : " + ExecuteTC): null

2023-02-21 13:55:17 - [TEST_STEP][PASSED] - switch (executionProfile): null

2023-02-21 13:55:17 - [TEST_STEP][PASSED] - case "QAProfile":: null

2023-02-21 13:55:17 - [TEST_STEP][PASSED] - appName = findTestData(dataFile).getValue("AppNameQA", row): null

2023-02-21 13:55:17 - [TEST_STEP][PASSED] - appID = findTestData(dataFile).getValue("AppIDQA", row): null

2023-02-21 13:55:18 - [TEST_STEP][PASSED] - break: null

2023-02-21 13:55:18 - [TEST_STEP][PASSED] - if (ExecuteTC.equalsIgnoreCase("Y")): Browser is closed

2023-02-21 13:55:18 - [TEST_STEP][PASSED] - out.println("Begin Record Number: " + row): null

2023-02-21 13:55:18 - [TEST_STEP][PASSED] - today = new java.util.Date(): null

2023-02-21 13:55:18 - [TEST_STEP][PASSED] - println(today): null

2023-02-21 13:55:18 - [TEST_STEP][PASSED] - datText = today: null

2023-02-21 13:55:18 - [TEST_STEP][PASSED] - adminSuiteBootstrap.loginFunctionality.login_AdminSuite(): adminSuiteBootstrap.loginFunctionality.login_AdminSuite is PASSED

2023-02-21 13:55:18 - [MESSAGE][INFO] - Starting 'Chrome' driver

2023-02-21 13:55:18 - [MESSAGE][INFO] - User set preference: ['acceptInsecureCerts', 'true']

2023-02-21 13:55:18 - [MESSAGE][INFO] - Action delay is set to 0 milliseconds

2023-02-21 13:55:21 - [MESSAGE][PASSED] - Browser is opened with url: 'https://qa.velocitypayment.com/admin/imtiaz'

2023-02-21 13:55:21 - [MESSAGE][PASSED] - Current window maximized

2023-02-21 13:55:21 - [MESSAGE][PASSED] - Object 'Object Repository/Login_Page/Login_Username' is present

2023-02-21 13:55:22 - [MESSAGE][PASSED] - Text 'iahmed' is set on object 'Object Repository/Login_Page/Login_Username'

2023-02-21 13:55:23 - [MESSAGE][PASSED] - Text 'hello2222' is set on object 'Object Repository/Login_Page/Login_Password'

2023-02-21 13:55:26 - [MESSAGE][PASSED] - Object: 'Object Repository/Login_Page/Login_Submit' is clicked on

2023-02-21 13:55:26 - [MESSAGE][PASSED] - adminSuiteBootstrap.loginFunctionality.login_AdminSuite is PASSED

2023-02-21 13:55:26 - [TEST_STEP][PASSED] - click(findTestObject(path_Dashboard + appName)): Object: 'Object Repository/AdminSuiteBootstrap_Pages/Dashboard_Bootstrap/a_Access AutoNoCFtp' is clicked on

2023-02-21 13:55:26 - [MESSAGE][PASSED] - Object: 'Object Repository/AdminSuiteBootstrap_Pages/Dashboard_Bootstrap/a_Access AutoNoCFtp' is clicked on

2023-02-21 13:55:26 - [TEST_STEP][PASSED] - click(findTestObject(path_VT + "a_Create")): Object: 'Object Repository/AdminSuiteBootstrap_Pages/VT_Bootstrap/IssueTransactions/a_Create' is clicked on

2023-02-21 13:55:28 - [MESSAGE][PASSED] - Object: 'Object Repository/AdminSuiteBootstrap_Pages/VT_Bootstrap/IssueTransactions/a_Create' is clicked on

2023-02-21 13:55:28 - [TEST_STEP][PASSED] - vspBootstrap.CreateProfilePage.setDataONLYCreateProfile(row, dataFile): vspBootstrap.CreateProfilePage.setDataONLYCreateProfile is PASSED

2023-02-21 13:55:30 - [MESSAGE][PASSED] - Text '22201' is set on object 'Object Repository/AdminSuiteBootstrap_Pages/VSP_Bootstrap/CreateProfile/input_PostalCode'

2023-02-21 13:55:31 - [MESSAGE][PASSED] - Text 'uAfGzwsdjwB6' is set on object 'Object Repository/AdminSuiteBootstrap_Pages/VSP_Bootstrap/CreateProfile/input_profileName'

2023-02-21 13:55:31 - [MESSAGE][PASSED] - Text '' is set on object 'Object Repository/AdminSuiteBootstrap_Pages/VSP_Bootstrap/CreateProfile/input_CompanyName'

2023-02-21 13:55:32 - [MESSAGE][PASSED] - All options with label '' are selected in object 'Object Repository/AdminSuiteBootstrap_Pages/VSP_Bootstrap/CreateProfile/select_Title'  using regular expression

2023-02-21 13:55:33 - [MESSAGE][PASSED] - Text '' is set on object 'Object Repository/AdminSuiteBootstrap_Pages/VSP_Bootstrap/CreateProfile/input_FirstName'

2023-02-21 13:55:34 - [MESSAGE][PASSED] - Text '' is set on object 'Object Repository/AdminSuiteBootstrap_Pages/VSP_Bootstrap/CreateProfile/input_MiddleName'

2023-02-21 13:55:34 - [MESSAGE][PASSED] - Text '' is set on object 'Object Repository/AdminSuiteBootstrap_Pages/VSP_Bootstrap/CreateProfile/input_LastName'

2023-02-21 13:55:35 - [MESSAGE][PASSED] - All options with label '' are selected in object 'Object Repository/AdminSuiteBootstrap_Pages/VSP_Bootstrap/CreateProfile/select_Suffix'  using regular expression

2023-02-21 13:55:36 - [MESSAGE][PASSED] - Text '15 Toledo Road' is set on object 'Object Repository/AdminSuiteBootstrap_Pages/VSP_Bootstrap/CreateProfile/input_address1'

2023-02-21 13:55:36 - [MESSAGE][PASSED] - Text '' is set on object 'Object Repository/AdminSuiteBootstrap_Pages/VSP_Bootstrap/CreateProfile/input_AddressLine2'

2023-02-21 13:55:37 - [MESSAGE][PASSED] - Text '' is set on object 'Object Repository/AdminSuiteBootstrap_Pages/VSP_Bootstrap/CreateProfile/input_PostalCodeExt'

2023-02-21 13:55:37 - [MESSAGE][PASSED] - Text '' is set on object 'Object Repository/AdminSuiteBootstrap_Pages/VSP_Bootstrap/CreateProfile/input_EmaiAddress'

2023-02-21 13:55:38 - [MESSAGE][PASSED] - Text '' is set on object 'Object Repository/AdminSuiteBootstrap_Pages/VSP_Bootstrap/CreateProfile/input_HomePhoneNumber_HomeAreaCode'

2023-02-21 13:55:39 - [MESSAGE][PASSED] - Text '' is set on object 'Object Repository/AdminSuiteBootstrap_Pages/VSP_Bootstrap/CreateProfile/input_homePrefixNumber'

2023-02-21 13:55:39 - [MESSAGE][PASSED] - Text '' is set on object 'Object Repository/AdminSuiteBootstrap_Pages/VSP_Bootstrap/CreateProfile/input_homeSuffixNumber'

2023-02-21 13:55:40 - [MESSAGE][PASSED] - Text '' is set on object 'Object Repository/AdminSuiteBootstrap_Pages/VSP_Bootstrap/CreateProfile/input_MobilePhoneNumber_mobileAreaCode'

2023-02-21 13:55:40 - [MESSAGE][PASSED] - Text '' is set on object 'Object Repository/AdminSuiteBootstrap_Pages/VSP_Bootstrap/CreateProfile/input_mobilePrefixNumber'

2023-02-21 13:55:41 - [MESSAGE][PASSED] - Text '' is set on object 'Object Repository/AdminSuiteBootstrap_Pages/VSP_Bootstrap/CreateProfile/input_mobileSuffixNumber'

2023-02-21 13:55:42 - [MESSAGE][PASSED] - Text '' is set on object 'Object Repository/AdminSuiteBootstrap_Pages/VSP_Bootstrap/CreateProfile/input_WorkPhoneNumber_workAreaCode'

2023-02-21 13:55:42 - [MESSAGE][PASSED] - Text '' is set on object 'Object Repository/AdminSuiteBootstrap_Pages/VSP_Bootstrap/CreateProfile/input_workPrefixNumber'

2023-02-21 13:55:43 - [MESSAGE][PASSED] - Text '' is set on object 'Object Repository/AdminSuiteBootstrap_Pages/VSP_Bootstrap/CreateProfile/input_workSuffixNumber'

2023-02-21 13:55:43 - [MESSAGE][PASSED] - Text '' is set on object 'Object Repository/AdminSuiteBootstrap_Pages/VSP_Bootstrap/CreateProfile/input_Ext_workExtension'

2023-02-21 13:55:44 - [MESSAGE][PASSED] - Text '' is set on object 'Object Repository/AdminSuiteBootstrap_Pages/VSP_Bootstrap/CreateProfile/textarea_NotesComments_note'

2023-02-21 13:55:44 - [MESSAGE][PASSED] - vspBootstrap.CreateProfilePage.setDataONLYCreateProfile is PASSED

2023-02-21 13:55:44 - [TEST_STEP][PASSED] - click(findTestObject(path_CreateProfile + "button_Save  Add Credit Card")): Object: 'Object Repository/AdminSuiteBootstrap_Pages/VSP_Bootstrap/CreateProfile/button_Save  Add Credit Card' is clicked on

2023-02-21 13:55:45 - [MESSAGE][PASSED] - Object: 'Object Repository/AdminSuiteBootstrap_Pages/VSP_Bootstrap/CreateProfile/button_Save  Add Credit Card' is clicked on

2023-02-21 13:55:45 - [TEST_STEP][PASSED] - verifyTextPresent("Profile successfully created", true): Text 'Profile successfully created' is present on page  using regular expression

2023-02-21 13:55:46 - [MESSAGE][PASSED] - Text 'Profile successfully created' is present on page  using regular expression

2023-02-21 13:55:46 - [TEST_STEP][PASSED] - vspBootstrap.AddCreditCardPage.setDataCreditCardNotPre(row, dataFile): vspBootstrap.AddCreditCardPage.setDataCreditCardNotPre is PASSED

2023-02-21 13:55:47 - [MESSAGE][PASSED] - Text '22201' is set on object 'Object Repository/AdminSuiteBootstrap_Pages/VSP_Bootstrap/AddCreditCard/input_postalCode'

2023-02-21 13:55:48 - [MESSAGE][PASSED] - All options with label 'Mr.' are selected in object 'Object Repository/AdminSuiteBootstrap_Pages/VSP_Bootstrap/AddCreditCard/select_Title'  using regular expression

2023-02-21 13:55:49 - [MESSAGE][PASSED] - Text 'Timothy' is set on object 'Object Repository/AdminSuiteBootstrap_Pages/VSP_Bootstrap/AddCreditCard/input_firstName'

2023-02-21 13:55:49 - [MESSAGE][PASSED] - Text 'Mac' is set on object 'Object Repository/AdminSuiteBootstrap_Pages/VSP_Bootstrap/AddCreditCard/input_MiddleName'

2023-02-21 13:55:50 - [MESSAGE][PASSED] - Text 'Siefert' is set on object 'Object Repository/AdminSuiteBootstrap_Pages/VSP_Bootstrap/AddCreditCard/input_lastName'

2023-02-21 13:55:51 - [MESSAGE][PASSED] - All options with label 'Sr.' are selected in object 'Object Repository/AdminSuiteBootstrap_Pages/VSP_Bootstrap/AddCreditCard/select_Suffix'  using regular expression

2023-02-21 13:55:52 - [MESSAGE][PASSED] - Text 'Tim MasterCard' is set on object 'Object Repository/AdminSuiteBootstrap_Pages/VSP_Bootstrap/AddCreditCard/input_nickName'

2023-02-21 13:55:52 - [MESSAGE][PASSED] - Text '5146312200000035' is set on object 'Object Repository/AdminSuiteBootstrap_Pages/VSP_Bootstrap/AddCreditCard/input_cardNumber'

2023-02-21 13:55:53 - [MESSAGE][PASSED] - All options with label '12- DEC' are selected in object 'Object Repository/AdminSuiteBootstrap_Pages/VSP_Bootstrap/AddCreditCard/select_ExpMonth'  using regular expression

2023-02-21 13:55:54 - [MESSAGE][PASSED] - All options with label '2028' are selected in object 'Object Repository/AdminSuiteBootstrap_Pages/VSP_Bootstrap/AddCreditCard/select_ExpYear'  using regular expression

2023-02-21 13:55:55 - [MESSAGE][PASSED] - Text '365 Kanyakumari' is set on object 'Object Repository/AdminSuiteBootstrap_Pages/VSP_Bootstrap/AddCreditCard/input_address1'

2023-02-21 13:55:55 - [MESSAGE][PASSED] - Text 'Room 8' is set on object 'Object Repository/AdminSuiteBootstrap_Pages/VSP_Bootstrap/AddCreditCard/input_AddressLine2'

2023-02-21 13:55:56 - [MESSAGE][PASSED] - Text '1234' is set on object 'Object Repository/AdminSuiteBootstrap_Pages/VSP_Bootstrap/AddCreditCard/input_postalCodeExtension'

2023-02-21 13:55:58 - [MESSAGE][PASSED] - Object: 'Object Repository/AdminSuiteBootstrap_Pages/VSP_Bootstrap/AddCreditCard/button_Create' is clicked on

2023-02-21 13:55:58 - [MESSAGE][PASSED] - vspBootstrap.AddCreditCardPage.setDataCreditCardNotPre is PASSED

2023-02-21 13:55:58 - [TEST_STEP][PASSED] - verifyTextPresent("Payment Method Created", true): Text 'Payment Method Created' is present on page  using regular expression

2023-02-21 13:55:58 - [MESSAGE][PASSED] - Text 'Payment Method Created' is present on page  using regular expression

2023-02-21 13:55:58 - [TEST_STEP][PASSED] - verifyTextPresent("Payment method creation successful", true): Text 'Payment method creation successful' is present on page  using regular expression

2023-02-21 13:55:58 - [MESSAGE][PASSED] - Text 'Payment method creation successful' is present on page  using regular expression

2023-02-21 13:55:58 - [TEST_STEP][PASSED] - verifyElementVisible(findTestObject(path_ViewProfile + "a_nickNameCC")): Object 'Object Repository/AdminSuiteBootstrap_Pages/VSP_Bootstrap/View Profile/a_nickNameCC' is visible

2023-02-21 13:55:59 - [MESSAGE][PASSED] - Object 'Object Repository/AdminSuiteBootstrap_Pages/VSP_Bootstrap/View Profile/a_nickNameCC' is visible

2023-02-21 13:55:59 - [TEST_STEP][PASSED] - verifyElementPresent(findTestObject(path_ViewProfile + "a_nickNameCC"), 30): Object 'Object Repository/AdminSuiteBootstrap_Pages/VSP_Bootstrap/View Profile/a_nickNameCC' is present

2023-02-21 13:55:59 - [MESSAGE][PASSED] - Object 'Object Repository/AdminSuiteBootstrap_Pages/VSP_Bootstrap/View Profile/a_nickNameCC' is present

2023-02-21 13:55:59 - [TEST_STEP][PASSED] - click(findTestObject(path_ViewProfile + "a_nickNameCC")): Object: 'Object Repository/AdminSuiteBootstrap_Pages/VSP_Bootstrap/View Profile/a_nickNameCC' is clicked on

2023-02-21 13:56:01 - [MESSAGE][PASSED] - Object: 'Object Repository/AdminSuiteBootstrap_Pages/VSP_Bootstrap/View Profile/a_nickNameCC' is clicked on

2023-02-21 13:56:01 - [TEST_STEP][PASSED] - verifyTextPresent("Credit Card Billing Information", true): Text 'Credit Card Billing Information' is present on page  using regular expression

2023-02-21 13:56:01 - [MESSAGE][PASSED] - Text 'Credit Card Billing Information' is present on page  using regular expression

2023-02-21 13:56:01 - [TEST_STEP][PASSED] - nickName = findTestData(dataFile).getValue("NickNameCC", row): null

2023-02-21 13:56:01 - [TEST_STEP][PASSED] - verifyTextPresent(nickName, true): Text 'Tim MasterCard' is present on page  using regular expression

2023-02-21 13:56:01 - [MESSAGE][PASSED] - Text 'Tim MasterCard' is present on page  using regular expression

2023-02-21 13:56:01 - [TEST_STEP][PASSED] - click(findTestObject(path_ViewProfile + "a_Delete Credit Card")): Object: 'Object Repository/AdminSuiteBootstrap_Pages/VSP_Bootstrap/View Profile/a_Delete Credit Card' is clicked on

2023-02-21 13:56:03 - [MESSAGE][PASSED] - Object: 'Object Repository/AdminSuiteBootstrap_Pages/VSP_Bootstrap/View Profile/a_Delete Credit Card' is clicked on

2023-02-21 13:56:03 - [TEST_STEP][PASSED] - verifyTextPresent("Delete Credit Card Confirmation", true): Text 'Delete Credit Card Confirmation' is present on page  using regular expression

2023-02-21 13:56:03 - [MESSAGE][PASSED] - Text 'Delete Credit Card Confirmation' is present on page  using regular expression

2023-02-21 13:56:03 - [TEST_STEP][PASSED] - verifyTextPresent("This will delete the credit card account. Are you sure you want to do this?", true): Text 'This will delete the credit card account. Are you sure you want to do this?' is present on page  using regular expression

2023-02-21 13:56:04 - [MESSAGE][PASSED] - Text 'This will delete the credit card account. Are you sure you want to do this?' is present on page  using regular expression

2023-02-21 13:56:04 - [TEST_STEP][PASSED] - click(findTestObject(path_ViewProfile + "button_DeleteCCConfirm")): Object: 'Object Repository/AdminSuiteBootstrap_Pages/VSP_Bootstrap/View Profile/button_DeleteCCConfirm' is clicked on

2023-02-21 13:56:05 - [MESSAGE][PASSED] - Object: 'Object Repository/AdminSuiteBootstrap_Pages/VSP_Bootstrap/View Profile/button_DeleteCCConfirm' is clicked on

2023-02-21 13:56:05 - [TEST_STEP][PASSED] - verifyTextPresent("Payment Method Deletion", true): Text 'Payment Method Deletion' is present on page  using regular expression

2023-02-21 13:56:06 - [MESSAGE][PASSED] - Text 'Payment Method Deletion' is present on page  using regular expression

2023-02-21 13:56:06 - [TEST_STEP][PASSED] - verifyTextPresent("Payment method was successfully deleted.", true): Text 'Payment method was successfully deleted.' is present on page  using regular expression

2023-02-21 13:56:06 - [MESSAGE][PASSED] - Text 'Payment method was successfully deleted.' is present on page  using regular expression

2023-02-21 13:56:06 - [TEST_STEP][PASSED] - click(findTestObject(path_ViewProfile + "a_Delete Profile")): Object: 'Object Repository/AdminSuiteBootstrap_Pages/VSP_Bootstrap/View Profile/a_Delete Profile' is clicked on

2023-02-21 13:56:07 - [MESSAGE][PASSED] - Object: 'Object Repository/AdminSuiteBootstrap_Pages/VSP_Bootstrap/View Profile/a_Delete Profile' is clicked on

2023-02-21 13:56:07 - [TEST_STEP][PASSED] - verifyTextPresent("This will delete all of the following information. Are you sure you want to do this?", true): Text 'This will delete all of the following information. Are you sure you want to do this?' is present on page  using regular expression

2023-02-21 13:56:07 - [MESSAGE][PASSED] - Text 'This will delete all of the following information. Are you sure you want to do this?' is present on page  using regular expression

2023-02-21 13:56:07 - [TEST_STEP][PASSED] - click(findTestObject(path_DeleteProfileConfirm + "button_Delete")): Object: 'Object Repository/AdminSuiteBootstrap_Pages/VSP_Bootstrap/DeleteProfileConfirm/button_Delete' is clicked on

2023-02-21 13:56:09 - [MESSAGE][PASSED] - Object: 'Object Repository/AdminSuiteBootstrap_Pages/VSP_Bootstrap/DeleteProfileConfirm/button_Delete' is clicked on

2023-02-21 13:56:09 - [TEST_STEP][PASSED] - verifyTextPresent("No Search String", true): Text 'No Search String' is present on page  using regular expression

2023-02-21 13:56:09 - [MESSAGE][PASSED] - Text 'No Search String' is present on page  using regular expression

2023-02-21 13:56:09 - [TEST_STEP][PASSED] - verifyTextPresent("You must provide a search string of at least 2 characters", true): Text 'You must provide a search string of at least 2 characters' is present on page  using regular expression

2023-02-21 13:56:09 - [MESSAGE][PASSED] - Text 'You must provide a search string of at least 2 characters' is present on page  using regular expression

2023-02-21 13:56:09 - [TEST_STEP][PASSED] - closeBrowser(): Browser is closed

2023-02-21 13:56:10 - [MESSAGE][PASSED] - Browser is closed

2023-02-21 13:56:10 - [TEST_STEP][PASSED] - ExecuteTC = findTestData(dataFile).getValue("Execute", row): null

2023-02-21 13:56:10 - [TEST_STEP][PASSED] - out.println("Value of Execute is : " + ExecuteTC): null

2023-02-21 13:56:10 - [TEST_STEP][PASSED] - switch (executionProfile): null

2023-02-21 13:56:10 - [TEST_STEP][PASSED] - case "QAProfile":: null

2023-02-21 13:56:10 - [TEST_STEP][PASSED] - appName = findTestData(dataFile).getValue("AppNameQA", row): null

2023-02-21 13:56:10 - [TEST_STEP][PASSED] - appID = findTestData(dataFile).getValue("AppIDQA", row): null

2023-02-21 13:56:10 - [TEST_STEP][PASSED] - break: null

2023-02-21 13:56:10 - [TEST_STEP][PASSED] - if (ExecuteTC.equalsIgnoreCase("Y")): Browser is closed

2023-02-21 13:56:10 - [TEST_STEP][PASSED] - out.println("Begin Record Number: " + row): null

2023-02-21 13:56:10 - [TEST_STEP][PASSED] - today = new java.util.Date(): null

2023-02-21 13:56:10 - [TEST_STEP][PASSED] - println(today): null

2023-02-21 13:56:10 - [TEST_STEP][PASSED] - datText = today: null

2023-02-21 13:56:10 - [TEST_STEP][PASSED] - adminSuiteBootstrap.loginFunctionality.login_AdminSuite(): adminSuiteBootstrap.loginFunctionality.login_AdminSuite is PASSED

2023-02-21 13:56:10 - [MESSAGE][INFO] - Starting 'Chrome' driver

2023-02-21 13:56:10 - [MESSAGE][INFO] - User set preference: ['acceptInsecureCerts', 'true']

2023-02-21 13:56:10 - [MESSAGE][INFO] - Action delay is set to 0 milliseconds

2023-02-21 13:56:13 - [MESSAGE][PASSED] - Browser is opened with url: 'https://qa.velocitypayment.com/admin/imtiaz'

2023-02-21 13:56:13 - [MESSAGE][PASSED] - Current window maximized

2023-02-21 13:56:13 - [MESSAGE][PASSED] - Object 'Object Repository/Login_Page/Login_Username' is present

2023-02-21 13:56:14 - [MESSAGE][PASSED] - Text 'iahmed' is set on object 'Object Repository/Login_Page/Login_Username'

2023-02-21 13:56:14 - [MESSAGE][PASSED] - Text 'hello2222' is set on object 'Object Repository/Login_Page/Login_Password'

2023-02-21 13:56:19 - [MESSAGE][PASSED] - Object: 'Object Repository/Login_Page/Login_Submit' is clicked on

2023-02-21 13:56:19 - [MESSAGE][PASSED] - adminSuiteBootstrap.loginFunctionality.login_AdminSuite is PASSED

2023-02-21 13:56:19 - [TEST_STEP][PASSED] - click(findTestObject(path_Dashboard + appName)): Object: 'Object Repository/AdminSuiteBootstrap_Pages/Dashboard_Bootstrap/a_Access AutoNoCFtp' is clicked on

2023-02-21 13:56:20 - [MESSAGE][PASSED] - Object: 'Object Repository/AdminSuiteBootstrap_Pages/Dashboard_Bootstrap/a_Access AutoNoCFtp' is clicked on

2023-02-21 13:56:20 - [TEST_STEP][PASSED] - click(findTestObject(path_VT + "a_Create")): Object: 'Object Repository/AdminSuiteBootstrap_Pages/VT_Bootstrap/IssueTransactions/a_Create' is clicked on

2023-02-21 13:56:21 - [MESSAGE][PASSED] - Object: 'Object Repository/AdminSuiteBootstrap_Pages/VT_Bootstrap/IssueTransactions/a_Create' is clicked on

2023-02-21 13:56:21 - [TEST_STEP][PASSED] - vspBootstrap.CreateProfilePage.setDataONLYCreateProfile(row, dataFile): vspBootstrap.CreateProfilePage.setDataONLYCreateProfile is PASSED

2023-02-21 13:56:23 - [MESSAGE][PASSED] - Text '22201' is set on object 'Object Repository/AdminSuiteBootstrap_Pages/VSP_Bootstrap/CreateProfile/input_PostalCode'

2023-02-21 13:56:24 - [MESSAGE][PASSED] - Text 'Jp9nYQ8zAxQF' is set on object 'Object Repository/AdminSuiteBootstrap_Pages/VSP_Bootstrap/CreateProfile/input_profileName'

2023-02-21 13:56:25 - [MESSAGE][PASSED] - Text '' is set on object 'Object Repository/AdminSuiteBootstrap_Pages/VSP_Bootstrap/CreateProfile/input_CompanyName'

2023-02-21 13:56:25 - [MESSAGE][PASSED] - All options with label '' are selected in object 'Object Repository/AdminSuiteBootstrap_Pages/VSP_Bootstrap/CreateProfile/select_Title'  using regular expression

2023-02-21 13:56:26 - [MESSAGE][PASSED] - Text '' is set on object 'Object Repository/AdminSuiteBootstrap_Pages/VSP_Bootstrap/CreateProfile/input_FirstName'

2023-02-21 13:56:27 - [MESSAGE][PASSED] - Text '' is set on object 'Object Repository/AdminSuiteBootstrap_Pages/VSP_Bootstrap/CreateProfile/input_MiddleName'

2023-02-21 13:56:27 - [MESSAGE][PASSED] - Text '' is set on object 'Object Repository/AdminSuiteBootstrap_Pages/VSP_Bootstrap/CreateProfile/input_LastName'

2023-02-21 13:56:28 - [MESSAGE][PASSED] - All options with label '' are selected in object 'Object Repository/AdminSuiteBootstrap_Pages/VSP_Bootstrap/CreateProfile/select_Suffix'  using regular expression

2023-02-21 13:56:29 - [MESSAGE][PASSED] - Text '15 Toledo Road' is set on object 'Object Repository/AdminSuiteBootstrap_Pages/VSP_Bootstrap/CreateProfile/input_address1'

2023-02-21 13:56:29 - [MESSAGE][PASSED] - Text '' is set on object 'Object Repository/AdminSuiteBootstrap_Pages/VSP_Bootstrap/CreateProfile/input_AddressLine2'

2023-02-21 13:56:30 - [MESSAGE][PASSED] - Text '' is set on object 'Object Repository/AdminSuiteBootstrap_Pages/VSP_Bootstrap/CreateProfile/input_PostalCodeExt'

2023-02-21 13:56:31 - [MESSAGE][PASSED] - Text '' is set on object 'Object Repository/AdminSuiteBootstrap_Pages/VSP_Bootstrap/CreateProfile/input_EmaiAddress'

2023-02-21 13:56:31 - [MESSAGE][PASSED] - Text '' is set on object 'Object Repository/AdminSuiteBootstrap_Pages/VSP_Bootstrap/CreateProfile/input_HomePhoneNumber_HomeAreaCode'

2023-02-21 13:56:32 - [MESSAGE][PASSED] - Text '' is set on object 'Object Repository/AdminSuiteBootstrap_Pages/VSP_Bootstrap/CreateProfile/input_homePrefixNumber'

2023-02-21 13:56:32 - [MESSAGE][PASSED] - Text '' is set on object 'Object Repository/AdminSuiteBootstrap_Pages/VSP_Bootstrap/CreateProfile/input_homeSuffixNumber'

2023-02-21 13:56:33 - [MESSAGE][PASSED] - Text '' is set on object 'Object Repository/AdminSuiteBootstrap_Pages/VSP_Bootstrap/CreateProfile/input_MobilePhoneNumber_mobileAreaCode'

2023-02-21 13:56:33 - [MESSAGE][PASSED] - Text '' is set on object 'Object Repository/AdminSuiteBootstrap_Pages/VSP_Bootstrap/CreateProfile/input_mobilePrefixNumber'

2023-02-21 13:56:34 - [MESSAGE][PASSED] - Text '' is set on object 'Object Repository/AdminSuiteBootstrap_Pages/VSP_Bootstrap/CreateProfile/input_mobileSuffixNumber'

2023-02-21 13:56:35 - [MESSAGE][PASSED] - Text '' is set on object 'Object Repository/AdminSuiteBootstrap_Pages/VSP_Bootstrap/CreateProfile/input_WorkPhoneNumber_workAreaCode'

2023-02-21 13:56:35 - [MESSAGE][PASSED] - Text '' is set on object 'Object Repository/AdminSuiteBootstrap_Pages/VSP_Bootstrap/CreateProfile/input_workPrefixNumber'

2023-02-21 13:56:36 - [MESSAGE][PASSED] - Text '' is set on object 'Object Repository/AdminSuiteBootstrap_Pages/VSP_Bootstrap/CreateProfile/input_workSuffixNumber'

2023-02-21 13:56:36 - [MESSAGE][PASSED] - Text '' is set on object 'Object Repository/AdminSuiteBootstrap_Pages/VSP_Bootstrap/CreateProfile/input_Ext_workExtension'

2023-02-21 13:56:37 - [MESSAGE][PASSED] - Text '' is set on object 'Object Repository/AdminSuiteBootstrap_Pages/VSP_Bootstrap/CreateProfile/textarea_NotesComments_note'

2023-02-21 13:56:37 - [MESSAGE][PASSED] - vspBootstrap.CreateProfilePage.setDataONLYCreateProfile is PASSED

2023-02-21 13:56:37 - [TEST_STEP][PASSED] - click(findTestObject(path_CreateProfile + "button_Save  Add Credit Card")): Object: 'Object Repository/AdminSuiteBootstrap_Pages/VSP_Bootstrap/CreateProfile/button_Save  Add Credit Card' is clicked on

2023-02-21 13:56:38 - [MESSAGE][PASSED] - Object: 'Object Repository/AdminSuiteBootstrap_Pages/VSP_Bootstrap/CreateProfile/button_Save  Add Credit Card' is clicked on

2023-02-21 13:56:38 - [TEST_STEP][PASSED] - verifyTextPresent("Profile successfully created", true): Text 'Profile successfully created' is present on page  using regular expression

2023-02-21 13:56:39 - [MESSAGE][PASSED] - Text 'Profile successfully created' is present on page  using regular expression

2023-02-21 13:56:39 - [TEST_STEP][PASSED] - vspBootstrap.AddCreditCardPage.setDataCreditCardNotPre(row, dataFile): vspBootstrap.AddCreditCardPage.setDataCreditCardNotPre is PASSED

2023-02-21 13:56:41 - [MESSAGE][PASSED] - Text '21093' is set on object 'Object Repository/AdminSuiteBootstrap_Pages/VSP_Bootstrap/AddCreditCard/input_postalCode'

2023-02-21 13:56:41 - [MESSAGE][PASSED] - All options with label '' are selected in object 'Object Repository/AdminSuiteBootstrap_Pages/VSP_Bootstrap/AddCreditCard/select_Title'  using regular expression

2023-02-21 13:56:42 - [MESSAGE][PASSED] - Text 'Brandon' is set on object 'Object Repository/AdminSuiteBootstrap_Pages/VSP_Bootstrap/AddCreditCard/input_firstName'

2023-02-21 13:56:43 - [MESSAGE][PASSED] - Text '' is set on object 'Object Repository/AdminSuiteBootstrap_Pages/VSP_Bootstrap/AddCreditCard/input_MiddleName'

2023-02-21 13:56:43 - [MESSAGE][PASSED] - Text 'McCulumm' is set on object 'Object Repository/AdminSuiteBootstrap_Pages/VSP_Bootstrap/AddCreditCard/input_lastName'

2023-02-21 13:56:44 - [MESSAGE][PASSED] - All options with label '' are selected in object 'Object Repository/AdminSuiteBootstrap_Pages/VSP_Bootstrap/AddCreditCard/select_Suffix'  using regular expression

2023-02-21 13:56:45 - [MESSAGE][PASSED] - Text 'Brandon Amex' is set on object 'Object Repository/AdminSuiteBootstrap_Pages/VSP_Bootstrap/AddCreditCard/input_nickName'

2023-02-21 13:56:45 - [MESSAGE][PASSED] - Text '371449635392376' is set on object 'Object Repository/AdminSuiteBootstrap_Pages/VSP_Bootstrap/AddCreditCard/input_cardNumber'

2023-02-21 13:56:46 - [MESSAGE][PASSED] - All options with label '1 - JAN' are selected in object 'Object Repository/AdminSuiteBootstrap_Pages/VSP_Bootstrap/AddCreditCard/select_ExpMonth'  using regular expression

2023-02-21 13:56:47 - [MESSAGE][PASSED] - All options with label '2028' are selected in object 'Object Repository/AdminSuiteBootstrap_Pages/VSP_Bootstrap/AddCreditCard/select_ExpYear'  using regular expression

2023-02-21 13:56:48 - [MESSAGE][PASSED] - Text '2225 Kendsha road' is set on object 'Object Repository/AdminSuiteBootstrap_Pages/VSP_Bootstrap/AddCreditCard/input_address1'

2023-02-21 13:56:48 - [MESSAGE][PASSED] - Text '' is set on object 'Object Repository/AdminSuiteBootstrap_Pages/VSP_Bootstrap/AddCreditCard/input_AddressLine2'

2023-02-21 13:56:49 - [MESSAGE][PASSED] - Text '' is set on object 'Object Repository/AdminSuiteBootstrap_Pages/VSP_Bootstrap/AddCreditCard/input_postalCodeExtension'

2023-02-21 13:56:51 - [MESSAGE][PASSED] - Object: 'Object Repository/AdminSuiteBootstrap_Pages/VSP_Bootstrap/AddCreditCard/button_Create' is clicked on

2023-02-21 13:56:51 - [MESSAGE][PASSED] - vspBootstrap.AddCreditCardPage.setDataCreditCardNotPre is PASSED

2023-02-21 13:56:51 - [TEST_STEP][PASSED] - verifyTextPresent("Payment Method Created", true): Text 'Payment Method Created' is present on page  using regular expression

2023-02-21 13:56:51 - [MESSAGE][PASSED] - Text 'Payment Method Created' is present on page  using regular expression

2023-02-21 13:56:51 - [TEST_STEP][PASSED] - verifyTextPresent("Payment method creation successful", true): Text 'Payment method creation successful' is present on page  using regular expression

2023-02-21 13:56:52 - [MESSAGE][PASSED] - Text 'Payment method creation successful' is present on page  using regular expression

2023-02-21 13:56:52 - [TEST_STEP][PASSED] - verifyElementVisible(findTestObject(path_ViewProfile + "a_nickNameCC")): Object 'Object Repository/AdminSuiteBootstrap_Pages/VSP_Bootstrap/View Profile/a_nickNameCC' is visible

2023-02-21 13:56:52 - [MESSAGE][PASSED] - Object 'Object Repository/AdminSuiteBootstrap_Pages/VSP_Bootstrap/View Profile/a_nickNameCC' is visible

2023-02-21 13:56:52 - [TEST_STEP][PASSED] - verifyElementPresent(findTestObject(path_ViewProfile + "a_nickNameCC"), 30): Object 'Object Repository/AdminSuiteBootstrap_Pages/VSP_Bootstrap/View Profile/a_nickNameCC' is present

2023-02-21 13:56:52 - [MESSAGE][PASSED] - Object 'Object Repository/AdminSuiteBootstrap_Pages/VSP_Bootstrap/View Profile/a_nickNameCC' is present

2023-02-21 13:56:52 - [TEST_STEP][PASSED] - click(findTestObject(path_ViewProfile + "a_nickNameCC")): Object: 'Object Repository/AdminSuiteBootstrap_Pages/VSP_Bootstrap/View Profile/a_nickNameCC' is clicked on

2023-02-21 13:56:53 - [MESSAGE][PASSED] - Object: 'Object Repository/AdminSuiteBootstrap_Pages/VSP_Bootstrap/View Profile/a_nickNameCC' is clicked on

2023-02-21 13:56:53 - [TEST_STEP][PASSED] - verifyTextPresent("Credit Card Billing Information", true): Text 'Credit Card Billing Information' is present on page  using regular expression

2023-02-21 13:56:54 - [MESSAGE][PASSED] - Text 'Credit Card Billing Information' is present on page  using regular expression

2023-02-21 13:56:54 - [TEST_STEP][PASSED] - nickName = findTestData(dataFile).getValue("NickNameCC", row): null

2023-02-21 13:56:54 - [TEST_STEP][PASSED] - verifyTextPresent(nickName, true): Text 'Brandon Amex' is present on page  using regular expression

2023-02-21 13:56:54 - [MESSAGE][PASSED] - Text 'Brandon Amex' is present on page  using regular expression

2023-02-21 13:56:54 - [TEST_STEP][PASSED] - click(findTestObject(path_ViewProfile + "a_Delete Credit Card")): Object: 'Object Repository/AdminSuiteBootstrap_Pages/VSP_Bootstrap/View Profile/a_Delete Credit Card' is clicked on

2023-02-21 13:56:55 - [MESSAGE][PASSED] - Object: 'Object Repository/AdminSuiteBootstrap_Pages/VSP_Bootstrap/View Profile/a_Delete Credit Card' is clicked on

2023-02-21 13:56:55 - [TEST_STEP][PASSED] - verifyTextPresent("Delete Credit Card Confirmation", true): Text 'Delete Credit Card Confirmation' is present on page  using regular expression

2023-02-21 13:56:56 - [MESSAGE][PASSED] - Text 'Delete Credit Card Confirmation' is present on page  using regular expression

2023-02-21 13:56:56 - [TEST_STEP][PASSED] - verifyTextPresent("This will delete the credit card account. Are you sure you want to do this?", true): Text 'This will delete the credit card account. Are you sure you want to do this?' is present on page  using regular expression

2023-02-21 13:56:56 - [MESSAGE][PASSED] - Text 'This will delete the credit card account. Are you sure you want to do this?' is present on page  using regular expression

2023-02-21 13:56:56 - [TEST_STEP][PASSED] - click(findTestObject(path_ViewProfile + "button_DeleteCCConfirm")): Object: 'Object Repository/AdminSuiteBootstrap_Pages/VSP_Bootstrap/View Profile/button_DeleteCCConfirm' is clicked on

2023-02-21 13:56:58 - [MESSAGE][PASSED] - Object: 'Object Repository/AdminSuiteBootstrap_Pages/VSP_Bootstrap/View Profile/button_DeleteCCConfirm' is clicked on

2023-02-21 13:56:58 - [TEST_STEP][PASSED] - verifyTextPresent("Payment Method Deletion", true): Text 'Payment Method Deletion' is present on page  using regular expression

2023-02-21 13:56:59 - [MESSAGE][PASSED] - Text 'Payment Method Deletion' is present on page  using regular expression

2023-02-21 13:56:59 - [TEST_STEP][PASSED] - verifyTextPresent("Payment method was successfully deleted.", true): Text 'Payment method was successfully deleted.' is present on page  using regular expression

2023-02-21 13:56:59 - [MESSAGE][PASSED] - Text 'Payment method was successfully deleted.' is present on page  using regular expression

2023-02-21 13:56:59 - [TEST_STEP][PASSED] - click(findTestObject(path_ViewProfile + "a_Delete Profile")): Object: 'Object Repository/AdminSuiteBootstrap_Pages/VSP_Bootstrap/View Profile/a_Delete Profile' is clicked on

2023-02-21 13:57:00 - [MESSAGE][PASSED] - Object: 'Object Repository/AdminSuiteBootstrap_Pages/VSP_Bootstrap/View Profile/a_Delete Profile' is clicked on

2023-02-21 13:57:00 - [TEST_STEP][PASSED] - verifyTextPresent("This will delete all of the following information. Are you sure you want to do this?", true): Text 'This will delete all of the following information. Are you sure you want to do this?' is present on page  using regular expression

2023-02-21 13:57:01 - [MESSAGE][PASSED] - Text 'This will delete all of the following information. Are you sure you want to do this?' is present on page  using regular expression

2023-02-21 13:57:01 - [TEST_STEP][PASSED] - click(findTestObject(path_DeleteProfileConfirm + "button_Delete")): Object: 'Object Repository/AdminSuiteBootstrap_Pages/VSP_Bootstrap/DeleteProfileConfirm/button_Delete' is clicked on

2023-02-21 13:57:03 - [MESSAGE][PASSED] - Object: 'Object Repository/AdminSuiteBootstrap_Pages/VSP_Bootstrap/DeleteProfileConfirm/button_Delete' is clicked on

2023-02-21 13:57:03 - [TEST_STEP][PASSED] - verifyTextPresent("No Search String", true): Text 'No Search String' is present on page  using regular expression

2023-02-21 13:57:03 - [MESSAGE][PASSED] - Text 'No Search String' is present on page  using regular expression

2023-02-21 13:57:03 - [TEST_STEP][PASSED] - verifyTextPresent("You must provide a search string of at least 2 characters", true): Text 'You must provide a search string of at least 2 characters' is present on page  using regular expression

2023-02-21 13:57:04 - [MESSAGE][PASSED] - Text 'You must provide a search string of at least 2 characters' is present on page  using regular expression

2023-02-21 13:57:04 - [TEST_STEP][PASSED] - closeBrowser(): Browser is closed

2023-02-21 13:57:05 - [MESSAGE][PASSED] - Browser is closed]]></system-out>
         <system-err><![CDATA[]]></system-err>
      </testcase>
      <testcase name="Test Cases/Admin Suite Bootstrap/VSP_Profile_TestCases/AddDeleteCCPre_Generic_TC" time="46.643" classname="Test Cases/Admin Suite Bootstrap/VSP_Profile_TestCases/AddDeleteCCPre_Generic_TC" status="PASSED">
         <system-out><![CDATA[2023-02-21 13:57:05 - [TEST_CASE][PASSED] - Test Cases/Admin Suite Bootstrap/VSP_Profile_TestCases/AddDeleteCCPre_Generic_TC: Test Cases/Admin Suite Bootstrap/VSP_Profile_TestCases/AddDeleteCCPre_Generic_TC

2023-02-21 13:57:05 - [TEST_STEP][PASSED] - path_Dashboard = "Object Repository/AdminSuiteBootstrap_Pages/Dashboard_Bootstrap/": null

2023-02-21 13:57:05 - [TEST_STEP][PASSED] - path_VT = "Object Repository/AdminSuiteBootstrap_Pages/VT_Bootstrap/IssueTransactions/": null

2023-02-21 13:57:05 - [TEST_STEP][PASSED] - path_CreateProfile = "Object Repository/AdminSuiteBootstrap_Pages/VSP_Bootstrap/CreateProfile/": null

2023-02-21 13:57:05 - [TEST_STEP][PASSED] - path_AddAccount = "Object Repository/AdminSuiteBootstrap_Pages/VSP_Bootstrap/AddAccount/": null

2023-02-21 13:57:05 - [TEST_STEP][PASSED] - path_Add_ACH = "Object Repository/AdminSuiteBootstrap_Pages/VSP_Bootstrap/AddACH/": null

2023-02-21 13:57:05 - [TEST_STEP][PASSED] - path_Add_CC = "Object Repository/AdminSuiteBootstrap_Pages/VSP_Bootstrap/AddCreditCard/": null

2023-02-21 13:57:05 - [TEST_STEP][PASSED] - path_App_Plan = "Object Repository/AdminSuiteBootstrap_Pages/VSP_Bootstrap/AddPaymentPlan/": null

2023-02-21 13:57:05 - [TEST_STEP][PASSED] - path_DeleteProfile = "Object Repository/AdminSuiteBootstrap_Pages/VSP_Bootstrap/DeleteProfile/": null

2023-02-21 13:57:05 - [TEST_STEP][PASSED] - path_ModifyProfile = "Object Repository/AdminSuiteBootstrap_Pages/VSP_Bootstrap/ModifyProfile/": null

2023-02-21 13:57:05 - [TEST_STEP][PASSED] - path_ViewProfile = "Object Repository/AdminSuiteBootstrap_Pages/VSP_Bootstrap/View Profile/": null

2023-02-21 13:57:05 - [TEST_STEP][PASSED] - path_VSPAuth = "Object Repository/AdminSuiteBootstrap_Pages/VSP_Bootstrap/VSP_Auth/": null

2023-02-21 13:57:05 - [TEST_STEP][PASSED] - path_VSPAuthCap = "Object Repository/AdminSuiteBootstrap_Pages/VSP_Bootstrap/VSP_Authcap/": null

2023-02-21 13:57:05 - [TEST_STEP][PASSED] - path_Debit = "Object Repository/AdminSuiteBootstrap_Pages/VSP_Bootstrap/VSP_Debit/": null

2023-02-21 13:57:05 - [TEST_STEP][PASSED] - path_DeleteProfileConfirm = "Object Repository/AdminSuiteBootstrap_Pages/VSP_Bootstrap/DeleteProfileConfirm/": null

2023-02-21 13:57:05 - [TEST_STEP][PASSED] - executionProfile = getExecutionProfile(): null

2023-02-21 13:57:05 - [TEST_STEP][PASSED] - out.println("executionProfile : " + executionProfile): null

2023-02-21 13:57:05 - [TEST_STEP][PASSED] - appName = <not implemented yet for class: org.codehaus.groovy.ast.expr.EmptyExpression>: null

2023-02-21 13:57:05 - [TEST_STEP][PASSED] - appID = <not implemented yet for class: org.codehaus.groovy.ast.expr.EmptyExpression>: null

2023-02-21 13:57:05 - [TEST_STEP][PASSED] - cardNameV = <not implemented yet for class: org.codehaus.groovy.ast.expr.EmptyExpression>: null

2023-02-21 13:57:05 - [TEST_STEP][PASSED] - al1V = <not implemented yet for class: org.codehaus.groovy.ast.expr.EmptyExpression>: null

2023-02-21 13:57:05 - [TEST_STEP][PASSED] - al2V = <not implemented yet for class: org.codehaus.groovy.ast.expr.EmptyExpression>: null

2023-02-21 13:57:05 - [TEST_STEP][PASSED] - zipV = <not implemented yet for class: org.codehaus.groovy.ast.expr.EmptyExpression>: null

2023-02-21 13:57:05 - [TEST_STEP][PASSED] - cardTypeV = <not implemented yet for class: org.codehaus.groovy.ast.expr.EmptyExpression>: null

2023-02-21 13:57:05 - [TEST_STEP][PASSED] - last4V = <not implemented yet for class: org.codehaus.groovy.ast.expr.EmptyExpression>: null

2023-02-21 13:57:05 - [TEST_STEP][PASSED] - nameSheet = "AddDeleteCCPrepopulated": null

2023-02-21 13:57:05 - [TEST_STEP][PASSED] - numOfRows = findTestData("QA/Bootstrap/VSP-Profile-TestData/AddCCPrepopulated").getRowNumbers(): null

2023-02-21 13:57:05 - [TEST_STEP][PASSED] - println("Number of Records: " + numOfRows): null

2023-02-21 13:57:05 - [TEST_STEP][PASSED] - dataFile = "QA/Bootstrap/VSP-Profile-TestData/AddCCPrepopulated": null

2023-02-21 13:57:05 - [TEST_STEP][PASSED] - for ([row = 1, row <= numOfRows, (row++)]): Browser is closed

2023-02-21 13:57:05 - [TEST_STEP][PASSED] - ExecuteTC = findTestData(dataFile).getValue("Execute", row): null

2023-02-21 13:57:05 - [TEST_STEP][PASSED] - out.println("Value of Execute is : " + ExecuteTC): null

2023-02-21 13:57:05 - [TEST_STEP][PASSED] - switch (executionProfile): null

2023-02-21 13:57:05 - [TEST_STEP][PASSED] - case "QAProfile":: null

2023-02-21 13:57:05 - [TEST_STEP][PASSED] - appName = findTestData(dataFile).getValue("AppNameQA", row): null

2023-02-21 13:57:05 - [TEST_STEP][PASSED] - appID = findTestData(dataFile).getValue("AppIDQA", row): null

2023-02-21 13:57:05 - [TEST_STEP][PASSED] - break: null

2023-02-21 13:57:05 - [TEST_STEP][PASSED] - if (ExecuteTC.equalsIgnoreCase("Y")): Browser is closed

2023-02-21 13:57:05 - [TEST_STEP][PASSED] - out.println("Begin Record Number: " + row): null

2023-02-21 13:57:05 - [TEST_STEP][PASSED] - today = new java.util.Date(): null

2023-02-21 13:57:05 - [TEST_STEP][PASSED] - println(today): null

2023-02-21 13:57:05 - [TEST_STEP][PASSED] - datText = today: null

2023-02-21 13:57:05 - [TEST_STEP][PASSED] - adminSuiteBootstrap.loginFunctionality.login_AdminSuite(): adminSuiteBootstrap.loginFunctionality.login_AdminSuite is PASSED

2023-02-21 13:57:05 - [MESSAGE][INFO] - Starting 'Chrome' driver

2023-02-21 13:57:05 - [MESSAGE][INFO] - User set preference: ['acceptInsecureCerts', 'true']

2023-02-21 13:57:05 - [MESSAGE][INFO] - Action delay is set to 0 milliseconds

2023-02-21 13:57:08 - [MESSAGE][PASSED] - Browser is opened with url: 'https://qa.velocitypayment.com/admin/imtiaz'

2023-02-21 13:57:08 - [MESSAGE][PASSED] - Current window maximized

2023-02-21 13:57:08 - [MESSAGE][PASSED] - Object 'Object Repository/Login_Page/Login_Username' is present

2023-02-21 13:57:09 - [MESSAGE][PASSED] - Text 'iahmed' is set on object 'Object Repository/Login_Page/Login_Username'

2023-02-21 13:57:10 - [MESSAGE][PASSED] - Text 'hello2222' is set on object 'Object Repository/Login_Page/Login_Password'

2023-02-21 13:57:15 - [MESSAGE][PASSED] - Object: 'Object Repository/Login_Page/Login_Submit' is clicked on

2023-02-21 13:57:15 - [MESSAGE][PASSED] - adminSuiteBootstrap.loginFunctionality.login_AdminSuite is PASSED

2023-02-21 13:57:15 - [TEST_STEP][PASSED] - click(findTestObject(path_Dashboard + appName)): Object: 'Object Repository/AdminSuiteBootstrap_Pages/Dashboard_Bootstrap/a_Access AutoNoCFtp' is clicked on

2023-02-21 13:57:16 - [MESSAGE][PASSED] - Object: 'Object Repository/AdminSuiteBootstrap_Pages/Dashboard_Bootstrap/a_Access AutoNoCFtp' is clicked on

2023-02-21 13:57:16 - [TEST_STEP][PASSED] - click(findTestObject(path_VT + "a_Create")): Object: 'Object Repository/AdminSuiteBootstrap_Pages/VT_Bootstrap/IssueTransactions/a_Create' is clicked on

2023-02-21 13:57:17 - [MESSAGE][PASSED] - Object: 'Object Repository/AdminSuiteBootstrap_Pages/VT_Bootstrap/IssueTransactions/a_Create' is clicked on

2023-02-21 13:57:17 - [TEST_STEP][PASSED] - vspBootstrap.CreateProfilePage.setDataONLYCreateProfile(row, dataFile): vspBootstrap.CreateProfilePage.setDataONLYCreateProfile is PASSED

2023-02-21 13:57:19 - [MESSAGE][PASSED] - Text '21054' is set on object 'Object Repository/AdminSuiteBootstrap_Pages/VSP_Bootstrap/CreateProfile/input_PostalCode'

2023-02-21 13:57:19 - [MESSAGE][PASSED] - Text 'wK5ve24BeLjD' is set on object 'Object Repository/AdminSuiteBootstrap_Pages/VSP_Bootstrap/CreateProfile/input_profileName'

2023-02-21 13:57:20 - [MESSAGE][PASSED] - Text 'Delta Corp' is set on object 'Object Repository/AdminSuiteBootstrap_Pages/VSP_Bootstrap/CreateProfile/input_CompanyName'

2023-02-21 13:57:21 - [MESSAGE][PASSED] - All options with label 'Mr.' are selected in object 'Object Repository/AdminSuiteBootstrap_Pages/VSP_Bootstrap/CreateProfile/select_Title'  using regular expression

2023-02-21 13:57:22 - [MESSAGE][PASSED] - Text 'Ross' is set on object 'Object Repository/AdminSuiteBootstrap_Pages/VSP_Bootstrap/CreateProfile/input_FirstName'

2023-02-21 13:57:22 - [MESSAGE][PASSED] - Text 'KT' is set on object 'Object Repository/AdminSuiteBootstrap_Pages/VSP_Bootstrap/CreateProfile/input_MiddleName'

2023-02-21 13:57:23 - [MESSAGE][PASSED] - Text 'Evan' is set on object 'Object Repository/AdminSuiteBootstrap_Pages/VSP_Bootstrap/CreateProfile/input_LastName'

2023-02-21 13:57:24 - [MESSAGE][PASSED] - All options with label 'Sr.' are selected in object 'Object Repository/AdminSuiteBootstrap_Pages/VSP_Bootstrap/CreateProfile/select_Suffix'  using regular expression

2023-02-21 13:57:25 - [MESSAGE][PASSED] - Text '256987 Nolm Ct' is set on object 'Object Repository/AdminSuiteBootstrap_Pages/VSP_Bootstrap/CreateProfile/input_address1'

2023-02-21 13:57:25 - [MESSAGE][PASSED] - Text 'Suite 678' is set on object 'Object Repository/AdminSuiteBootstrap_Pages/VSP_Bootstrap/CreateProfile/input_AddressLine2'

2023-02-21 13:57:26 - [MESSAGE][PASSED] - Text '1234' is set on object 'Object Repository/AdminSuiteBootstrap_Pages/VSP_Bootstrap/CreateProfile/input_PostalCodeExt'

2023-02-21 13:57:26 - [MESSAGE][PASSED] - Text 'iahmed@govolution.com' is set on object 'Object Repository/AdminSuiteBootstrap_Pages/VSP_Bootstrap/CreateProfile/input_EmaiAddress'

2023-02-21 13:57:27 - [MESSAGE][PASSED] - Text '240' is set on object 'Object Repository/AdminSuiteBootstrap_Pages/VSP_Bootstrap/CreateProfile/input_HomePhoneNumber_HomeAreaCode'

2023-02-21 13:57:28 - [MESSAGE][PASSED] - Text '628' is set on object 'Object Repository/AdminSuiteBootstrap_Pages/VSP_Bootstrap/CreateProfile/input_homePrefixNumber'

2023-02-21 13:57:28 - [MESSAGE][PASSED] - Text '0790' is set on object 'Object Repository/AdminSuiteBootstrap_Pages/VSP_Bootstrap/CreateProfile/input_homeSuffixNumber'

2023-02-21 13:57:29 - [MESSAGE][PASSED] - Text '240' is set on object 'Object Repository/AdminSuiteBootstrap_Pages/VSP_Bootstrap/CreateProfile/input_MobilePhoneNumber_mobileAreaCode'

2023-02-21 13:57:29 - [MESSAGE][PASSED] - Text '628' is set on object 'Object Repository/AdminSuiteBootstrap_Pages/VSP_Bootstrap/CreateProfile/input_mobilePrefixNumber'

2023-02-21 13:57:30 - [MESSAGE][PASSED] - Text '0791' is set on object 'Object Repository/AdminSuiteBootstrap_Pages/VSP_Bootstrap/CreateProfile/input_mobileSuffixNumber'

2023-02-21 13:57:30 - [MESSAGE][PASSED] - Text '410' is set on object 'Object Repository/AdminSuiteBootstrap_Pages/VSP_Bootstrap/CreateProfile/input_WorkPhoneNumber_workAreaCode'

2023-02-21 13:57:31 - [MESSAGE][PASSED] - Text '628' is set on object 'Object Repository/AdminSuiteBootstrap_Pages/VSP_Bootstrap/CreateProfile/input_workPrefixNumber'

2023-02-21 13:57:32 - [MESSAGE][PASSED] - Text '0792' is set on object 'Object Repository/AdminSuiteBootstrap_Pages/VSP_Bootstrap/CreateProfile/input_workSuffixNumber'

2023-02-21 13:57:32 - [MESSAGE][PASSED] - Text '123' is set on object 'Object Repository/AdminSuiteBootstrap_Pages/VSP_Bootstrap/CreateProfile/input_Ext_workExtension'

2023-02-21 13:57:33 - [MESSAGE][PASSED] - Text 'This Profile is for Add CC' is set on object 'Object Repository/AdminSuiteBootstrap_Pages/VSP_Bootstrap/CreateProfile/textarea_NotesComments_note'

2023-02-21 13:57:33 - [MESSAGE][PASSED] - vspBootstrap.CreateProfilePage.setDataONLYCreateProfile is PASSED

2023-02-21 13:57:33 - [TEST_STEP][PASSED] - click(findTestObject(path_CreateProfile + "button_Save  Add Credit Card")): Object: 'Object Repository/AdminSuiteBootstrap_Pages/VSP_Bootstrap/CreateProfile/button_Save  Add Credit Card' is clicked on

2023-02-21 13:57:34 - [MESSAGE][PASSED] - Object: 'Object Repository/AdminSuiteBootstrap_Pages/VSP_Bootstrap/CreateProfile/button_Save  Add Credit Card' is clicked on

2023-02-21 13:57:34 - [TEST_STEP][PASSED] - verifyTextPresent("Profile successfully created", true): Text 'Profile successfully created' is present on page  using regular expression

2023-02-21 13:57:35 - [MESSAGE][PASSED] - Text 'Profile successfully created' is present on page  using regular expression

2023-02-21 13:57:35 - [TEST_STEP][PASSED] - vspBootstrap.AddCreditCardPage.setDataCreditCardPre(row, dataFile): vspBootstrap.AddCreditCardPage.setDataCreditCardPre is PASSED

2023-02-21 13:57:36 - [MESSAGE][PASSED] - Text 'Ross Discover' is set on object 'Object Repository/AdminSuiteBootstrap_Pages/VSP_Bootstrap/AddCreditCard/input_nickName'

2023-02-21 13:57:36 - [MESSAGE][PASSED] - Text '6011000993026909' is set on object 'Object Repository/AdminSuiteBootstrap_Pages/VSP_Bootstrap/AddCreditCard/input_cardNumber'

2023-02-21 13:57:37 - [MESSAGE][PASSED] - All options with label '1 - JAN' are selected in object 'Object Repository/AdminSuiteBootstrap_Pages/VSP_Bootstrap/AddCreditCard/select_ExpMonth'  using regular expression

2023-02-21 13:57:38 - [MESSAGE][PASSED] - All options with label '2028' are selected in object 'Object Repository/AdminSuiteBootstrap_Pages/VSP_Bootstrap/AddCreditCard/select_ExpYear'  using regular expression

2023-02-21 13:57:40 - [MESSAGE][PASSED] - Object: 'Object Repository/AdminSuiteBootstrap_Pages/VSP_Bootstrap/AddCreditCard/button_Create' is clicked on

2023-02-21 13:57:40 - [MESSAGE][PASSED] - vspBootstrap.AddCreditCardPage.setDataCreditCardPre is PASSED

2023-02-21 13:57:40 - [TEST_STEP][PASSED] - verifyTextPresent("Payment Method Created", true): Text 'Payment Method Created' is present on page  using regular expression

2023-02-21 13:57:40 - [MESSAGE][PASSED] - Text 'Payment Method Created' is present on page  using regular expression

2023-02-21 13:57:40 - [TEST_STEP][PASSED] - verifyTextPresent("Payment method creation successful", true): Text 'Payment method creation successful' is present on page  using regular expression

2023-02-21 13:57:41 - [MESSAGE][PASSED] - Text 'Payment method creation successful' is present on page  using regular expression

[...]

2023-02-21 14:10:49 - [MESSAGE][PASSED] - Object 'Object Repository/AdminSuiteBootstrap_Pages/VSP_Bootstrap/View Profile/a_ProfileToBeSearched' is visible

2023-02-21 14:10:49 - [TEST_STEP][PASSED] - verifyElementPresent(findTestObject(path_ViewProfile + "a_ProfileToBeSearched"), 30): Object 'Object Repository/AdminSuiteBootstrap_Pages/VSP_Bootstrap/View Profile/a_ProfileToBeSearched' is present

2023-02-21 14:10:49 - [MESSAGE][PASSED] - Object 'Object Repository/AdminSuiteBootstrap_Pages/VSP_Bootstrap/View Profile/a_ProfileToBeSearched' is present

2023-02-21 14:10:49 - [TEST_STEP][PASSED] - closeBrowser(): Browser is closed

2023-02-21 14:10:50 - [MESSAGE][PASSED] - Browser is closed

2023-02-21 14:10:50 - [TEST_STEP][PASSED] - ExecuteTC = findTestData(dataFile).getValue("Execute", row): null

2023-02-21 14:10:50 - [TEST_STEP][PASSED] - out.println("Value of Execute is : " + ExecuteTC): null

2023-02-21 14:10:50 - [TEST_STEP][PASSED] - switch (executionProfile): null

2023-02-21 14:10:50 - [TEST_STEP][PASSED] - case "QAProfile":: null

2023-02-21 14:10:50 - [TEST_STEP][PASSED] - appName = findTestData(dataFile).getValue("AppNameQA", row): null

2023-02-21 14:10:50 - [TEST_STEP][PASSED] - appID = findTestData(dataFile).getValue("AppIDQA", row): null

2023-02-21 14:10:50 - [TEST_STEP][PASSED] - break: null

2023-02-21 14:10:50 - [TEST_STEP][PASSED] - if (ExecuteTC.equalsIgnoreCase("Y")): Browser is closed

2023-02-21 14:10:50 - [TEST_STEP][PASSED] - out.println("Begin Record Number: " + row): null

2023-02-21 14:10:50 - [TEST_STEP][PASSED] - today = new java.util.Date(): null

2023-02-21 14:10:50 - [TEST_STEP][PASSED] - println(today): null

2023-02-21 14:10:50 - [TEST_STEP][PASSED] - datText = today: null

2023-02-21 14:10:50 - [TEST_STEP][PASSED] - adminSuiteBootstrap.loginFunctionality.login_AdminSuite(): adminSuiteBootstrap.loginFunctionality.login_AdminSuite is PASSED

2023-02-21 14:10:50 - [MESSAGE][INFO] - Starting 'Chrome' driver

2023-02-21 14:10:50 - [MESSAGE][INFO] - User set preference: ['acceptInsecureCerts', 'true']

2023-02-21 14:10:50 - [MESSAGE][INFO] - Action delay is set to 0 milliseconds

2023-02-21 14:10:55 - [MESSAGE][PASSED] - Browser is opened with url: 'https://qa.velocitypayment.com/admin/imtiaz'

2023-02-21 14:10:55 - [MESSAGE][PASSED] - Current window maximized

2023-02-21 14:10:55 - [MESSAGE][PASSED] - Object 'Object Repository/Login_Page/Login_Username' is present

2023-02-21 14:10:56 - [MESSAGE][PASSED] - Text 'iahmed' is set on object 'Object Repository/Login_Page/Login_Username'

2023-02-21 14:10:57 - [MESSAGE][PASSED] - Text 'hello2222' is set on object 'Object Repository/Login_Page/Login_Password'

2023-02-21 14:11:04 - [MESSAGE][PASSED] - Object: 'Object Repository/Login_Page/Login_Submit' is clicked on

2023-02-21 14:11:04 - [MESSAGE][PASSED] - adminSuiteBootstrap.loginFunctionality.login_AdminSuite is PASSED

2023-02-21 14:11:04 - [TEST_STEP][PASSED] - click(findTestObject(path_Dashboard + appName)): Object: 'Object Repository/AdminSuiteBootstrap_Pages/Dashboard_Bootstrap/a_Access AutoNoCFtp' is clicked on

2023-02-21 14:11:05 - [MESSAGE][PASSED] - Object: 'Object Repository/AdminSuiteBootstrap_Pages/Dashboard_Bootstrap/a_Access AutoNoCFtp' is clicked on

2023-02-21 14:11:05 - [TEST_STEP][PASSED] - click(findTestObject(path_VT + "a_Find Profile")): Object: 'Object Repository/AdminSuiteBootstrap_Pages/VT_Bootstrap/IssueTransactions/a_Find Profile' is clicked on

2023-02-21 14:11:06 - [MESSAGE][PASSED] - Object: 'Object Repository/AdminSuiteBootstrap_Pages/VT_Bootstrap/IssueTransactions/a_Find Profile' is clicked on

2023-02-21 14:11:06 - [TEST_STEP][PASSED] - vspBootstrap.SearchProfilePage.setDataSearchProfile(row, dataFile): vspBootstrap.SearchProfilePage.setDataSearchProfile is PASSED

2023-02-21 14:11:06 - [MESSAGE][PASSED] - Text '21030' is set on object 'Object Repository/AdminSuiteBootstrap_Pages/VSP_Bootstrap/SearchProfile/input_Criteria'

2023-02-21 14:11:08 - [MESSAGE][PASSED] - All options with label 'ZIP/Postal Code' are selected in object 'Object Repository/AdminSuiteBootstrap_Pages/VSP_Bootstrap/SearchProfile/select_SearchBy'  using regular expression

2023-02-21 14:11:09 - [MESSAGE][PASSED] - Object: 'Object Repository/AdminSuiteBootstrap_Pages/VSP_Bootstrap/SearchProfile/button_Search' is clicked on

2023-02-21 14:11:09 - [MESSAGE][PASSED] - vspBootstrap.SearchProfilePage.setDataSearchProfile is PASSED

2023-02-21 14:11:09 - [TEST_STEP][PASSED] - verifyElementVisible(findTestObject(path_ViewProfile + "a_ProfileToBeSearched")): Object 'Object Repository/AdminSuiteBootstrap_Pages/VSP_Bootstrap/View Profile/a_ProfileToBeSearched' is visible

2023-02-21 14:11:10 - [MESSAGE][PASSED] - Object 'Object Repository/AdminSuiteBootstrap_Pages/VSP_Bootstrap/View Profile/a_ProfileToBeSearched' is visible

2023-02-21 14:11:10 - [TEST_STEP][PASSED] - verifyElementPresent(findTestObject(path_ViewProfile + "a_ProfileToBeSearched"), 30): Object 'Object Repository/AdminSuiteBootstrap_Pages/VSP_Bootstrap/View Profile/a_ProfileToBeSearched' is present

2023-02-21 14:11:10 - [MESSAGE][PASSED] - Object 'Object Repository/AdminSuiteBootstrap_Pages/VSP_Bootstrap/View Profile/a_ProfileToBeSearched' is present

2023-02-21 14:11:10 - [TEST_STEP][PASSED] - closeBrowser(): Browser is closed

2023-02-21 14:11:11 - [MESSAGE][PASSED] - Browser is closed

2023-02-21 14:11:11 - [TEST_STEP][PASSED] - ExecuteTC = findTestData(dataFile).getValue("Execute", row): null

2023-02-21 14:11:11 - [TEST_STEP][PASSED] - out.println("Value of Execute is : " + ExecuteTC): null

2023-02-21 14:11:11 - [TEST_STEP][PASSED] - switch (executionProfile): null

2023-02-21 14:11:11 - [TEST_STEP][PASSED] - case "QAProfile":: null

2023-02-21 14:11:11 - [TEST_STEP][PASSED] - appName = findTestData(dataFile).getValue("AppNameQA", row): null

2023-02-21 14:11:11 - [TEST_STEP][PASSED] - appID = findTestData(dataFile).getValue("AppIDQA", row): null

2023-02-21 14:11:11 - [TEST_STEP][PASSED] - break: null

2023-02-21 14:11:11 - [TEST_STEP][PASSED] - if (ExecuteTC.equalsIgnoreCase("Y")): Browser is closed

2023-02-21 14:11:11 - [TEST_STEP][PASSED] - out.println("Begin Record Number: " + row): null

2023-02-21 14:11:11 - [TEST_STEP][PASSED] - today = new java.util.Date(): null

2023-02-21 14:11:11 - [TEST_STEP][PASSED] - println(today): null

2023-02-21 14:11:11 - [TEST_STEP][PASSED] - datText = today: null

2023-02-21 14:11:11 - [TEST_STEP][PASSED] - adminSuiteBootstrap.loginFunctionality.login_AdminSuite(): adminSuiteBootstrap.loginFunctionality.login_AdminSuite is PASSED

2023-02-21 14:11:11 - [MESSAGE][INFO] - Starting 'Chrome' driver

2023-02-21 14:11:11 - [MESSAGE][INFO] - User set preference: ['acceptInsecureCerts', 'true']

2023-02-21 14:11:11 - [MESSAGE][INFO] - Action delay is set to 0 milliseconds

2023-02-21 14:11:15 - [MESSAGE][PASSED] - Browser is opened with url: 'https://qa.velocitypayment.com/admin/imtiaz'

2023-02-21 14:11:15 - [MESSAGE][PASSED] - Current window maximized

2023-02-21 14:11:15 - [MESSAGE][PASSED] - Object 'Object Repository/Login_Page/Login_Username' is present

2023-02-21 14:11:16 - [MESSAGE][PASSED] - Text 'iahmed' is set on object 'Object Repository/Login_Page/Login_Username'

2023-02-21 14:11:17 - [MESSAGE][PASSED] - Text 'hello2222' is set on object 'Object Repository/Login_Page/Login_Password'

2023-02-21 14:11:23 - [MESSAGE][PASSED] - Object: 'Object Repository/Login_Page/Login_Submit' is clicked on

2023-02-21 14:11:23 - [MESSAGE][PASSED] - adminSuiteBootstrap.loginFunctionality.login_AdminSuite is PASSED

2023-02-21 14:11:23 - [TEST_STEP][PASSED] - click(findTestObject(path_Dashboard + appName)): Object: 'Object Repository/AdminSuiteBootstrap_Pages/Dashboard_Bootstrap/a_Access AutoNoCFtp' is clicked on

2023-02-21 14:11:24 - [MESSAGE][PASSED] - Object: 'Object Repository/AdminSuiteBootstrap_Pages/Dashboard_Bootstrap/a_Access AutoNoCFtp' is clicked on

2023-02-21 14:11:24 - [TEST_STEP][PASSED] - click(findTestObject(path_VT + "a_Find Profile")): Object: 'Object Repository/AdminSuiteBootstrap_Pages/VT_Bootstrap/IssueTransactions/a_Find Profile' is clicked on

2023-02-21 14:11:24 - [MESSAGE][PASSED] - Object: 'Object Repository/AdminSuiteBootstrap_Pages/VT_Bootstrap/IssueTransactions/a_Find Profile' is clicked on

2023-02-21 14:11:24 - [TEST_STEP][PASSED] - vspBootstrap.SearchProfilePage.setDataSearchProfile(row, dataFile): vspBootstrap.SearchProfilePage.setDataSearchProfile is PASSED

2023-02-21 14:11:25 - [MESSAGE][PASSED] - Text 'PTBS Company' is set on object 'Object Repository/AdminSuiteBootstrap_Pages/VSP_Bootstrap/SearchProfile/input_Criteria'

2023-02-21 14:11:26 - [MESSAGE][PASSED] - All options with label 'Company Name' are selected in object 'Object Repository/AdminSuiteBootstrap_Pages/VSP_Bootstrap/SearchProfile/select_SearchBy'  using regular expression

2023-02-21 14:11:28 - [MESSAGE][PASSED] - Object: 'Object Repository/AdminSuiteBootstrap_Pages/VSP_Bootstrap/SearchProfile/button_Search' is clicked on

2023-02-21 14:11:28 - [MESSAGE][PASSED] - vspBootstrap.SearchProfilePage.setDataSearchProfile is PASSED

2023-02-21 14:11:28 - [TEST_STEP][PASSED] - verifyElementVisible(findTestObject(path_ViewProfile + "a_ProfileToBeSearched")): Object 'Object Repository/AdminSuiteBootstrap_Pages/VSP_Bootstrap/View Profile/a_ProfileToBeSearched' is visible

2023-02-21 14:11:28 - [MESSAGE][PASSED] - Object 'Object Repository/AdminSuiteBootstrap_Pages/VSP_Bootstrap/View Profile/a_ProfileToBeSearched' is visible

2023-02-21 14:11:28 - [TEST_STEP][PASSED] - verifyElementPresent(findTestObject(path_ViewProfile + "a_ProfileToBeSearched"), 30): Object 'Object Repository/AdminSuiteBootstrap_Pages/VSP_Bootstrap/View Profile/a_ProfileToBeSearched' is present

2023-02-21 14:11:29 - [MESSAGE][PASSED] - Object 'Object Repository/AdminSuiteBootstrap_Pages/VSP_Bootstrap/View Profile/a_ProfileToBeSearched' is present

2023-02-21 14:11:29 - [TEST_STEP][PASSED] - closeBrowser(): Browser is closed

2023-02-21 14:11:29 - [MESSAGE][PASSED] - Browser is closed

2023-02-21 14:11:29 - [TEST_STEP][PASSED] - ExecuteTC = findTestData(dataFile).getValue("Execute", row): null

2023-02-21 14:11:30 - [TEST_STEP][PASSED] - out.println("Value of Execute is : " + ExecuteTC): null

2023-02-21 14:11:30 - [TEST_STEP][PASSED] - switch (executionProfile): null

2023-02-21 14:11:30 - [TEST_STEP][PASSED] - case "QAProfile":: null

2023-02-21 14:11:30 - [TEST_STEP][PASSED] - appName = findTestData(dataFile).getValue("AppNameQA", row): null

2023-02-21 14:11:30 - [TEST_STEP][PASSED] - appID = findTestData(dataFile).getValue("AppIDQA", row): null

2023-02-21 14:11:30 - [TEST_STEP][PASSED] - break: null

2023-02-21 14:11:30 - [TEST_STEP][PASSED] - if (ExecuteTC.equalsIgnoreCase("Y")): Browser is closed

2023-02-21 14:11:30 - [TEST_STEP][PASSED] - out.println("Begin Record Number: " + row): null

2023-02-21 14:11:30 - [TEST_STEP][PASSED] - today = new java.util.Date(): null

2023-02-21 14:11:30 - [TEST_STEP][PASSED] - println(today): null

2023-02-21 14:11:30 - [TEST_STEP][PASSED] - datText = today: null

2023-02-21 14:11:30 - [TEST_STEP][PASSED] - adminSuiteBootstrap.loginFunctionality.login_AdminSuite(): adminSuiteBootstrap.loginFunctionality.login_AdminSuite is PASSED

2023-02-21 14:11:30 - [MESSAGE][INFO] - Starting 'Chrome' driver

2023-02-21 14:11:30 - [MESSAGE][INFO] - User set preference: ['acceptInsecureCerts', 'true']

2023-02-21 14:11:30 - [MESSAGE][INFO] - Action delay is set to 0 milliseconds

2023-02-21 14:11:34 - [MESSAGE][PASSED] - Browser is opened with url: 'https://qa.velocitypayment.com/admin/imtiaz'

2023-02-21 14:11:34 - [MESSAGE][PASSED] - Current window maximized

2023-02-21 14:11:34 - [MESSAGE][PASSED] - Object 'Object Repository/Login_Page/Login_Username' is present

2023-02-21 14:11:35 - [MESSAGE][PASSED] - Text 'iahmed' is set on object 'Object Repository/Login_Page/Login_Username'

2023-02-21 14:11:35 - [MESSAGE][PASSED] - Text 'hello2222' is set on object 'Object Repository/Login_Page/Login_Password'

2023-02-21 14:11:40 - [MESSAGE][PASSED] - Object: 'Object Repository/Login_Page/Login_Submit' is clicked on

2023-02-21 14:11:40 - [MESSAGE][PASSED] - adminSuiteBootstrap.loginFunctionality.login_AdminSuite is PASSED

2023-02-21 14:11:40 - [TEST_STEP][PASSED] - click(findTestObject(path_Dashboard + appName)): Object: 'Object Repository/AdminSuiteBootstrap_Pages/Dashboard_Bootstrap/a_Access AutoNoCFtp' is clicked on

2023-02-21 14:11:41 - [MESSAGE][PASSED] - Object: 'Object Repository/AdminSuiteBootstrap_Pages/Dashboard_Bootstrap/a_Access AutoNoCFtp' is clicked on

2023-02-21 14:11:41 - [TEST_STEP][PASSED] - click(findTestObject(path_VT + "a_Find Profile")): Object: 'Object Repository/AdminSuiteBootstrap_Pages/VT_Bootstrap/IssueTransactions/a_Find Profile' is clicked on

2023-02-21 14:11:41 - [MESSAGE][PASSED] - Object: 'Object Repository/AdminSuiteBootstrap_Pages/VT_Bootstrap/IssueTransactions/a_Find Profile' is clicked on

2023-02-21 14:11:41 - [TEST_STEP][PASSED] - vspBootstrap.SearchProfilePage.setDataSearchProfile(row, dataFile): vspBootstrap.SearchProfilePage.setDataSearchProfile is PASSED

2023-02-21 14:11:42 - [MESSAGE][PASSED] - Text '411522633' is set on object 'Object Repository/AdminSuiteBootstrap_Pages/VSP_Bootstrap/SearchProfile/input_Criteria'

2023-02-21 14:11:43 - [MESSAGE][PASSED] - All options with label 'Account Number' are selected in object 'Object Repository/AdminSuiteBootstrap_Pages/VSP_Bootstrap/SearchProfile/select_SearchBy'  using regular expression

2023-02-21 14:11:45 - [MESSAGE][PASSED] - Object: 'Object Repository/AdminSuiteBootstrap_Pages/VSP_Bootstrap/SearchProfile/button_Search' is clicked on

2023-02-21 14:11:45 - [MESSAGE][PASSED] - vspBootstrap.SearchProfilePage.setDataSearchProfile is PASSED

2023-02-21 14:11:45 - [TEST_STEP][PASSED] - verifyElementVisible(findTestObject(path_ViewProfile + "a_ProfileToBeSearched")): Object 'Object Repository/AdminSuiteBootstrap_Pages/VSP_Bootstrap/View Profile/a_ProfileToBeSearched' is visible

2023-02-21 14:11:46 - [MESSAGE][PASSED] - Object 'Object Repository/AdminSuiteBootstrap_Pages/VSP_Bootstrap/View Profile/a_ProfileToBeSearched' is visible

2023-02-21 14:11:46 - [TEST_STEP][PASSED] - verifyElementPresent(findTestObject(path_ViewProfile + "a_ProfileToBeSearched"), 30): Object 'Object Repository/AdminSuiteBootstrap_Pages/VSP_Bootstrap/View Profile/a_ProfileToBeSearched' is present

2023-02-21 14:11:46 - [MESSAGE][PASSED] - Object 'Object Repository/AdminSuiteBootstrap_Pages/VSP_Bootstrap/View Profile/a_ProfileToBeSearched' is present

2023-02-21 14:11:46 - [TEST_STEP][PASSED] - closeBrowser(): Browser is closed

2023-02-21 14:11:47 - [MESSAGE][PASSED] - Browser is closed

2023-02-21 14:11:47 - [TEST_STEP][PASSED] - ExecuteTC = findTestData(dataFile).getValue("Execute", row): null

2023-02-21 14:11:47 - [TEST_STEP][PASSED] - out.println("Value of Execute is : " + ExecuteTC): null

2023-02-21 14:11:47 - [TEST_STEP][PASSED] - switch (executionProfile): null

2023-02-21 14:11:47 - [TEST_STEP][PASSED] - case "QAProfile":: null

2023-02-21 14:11:47 - [TEST_STEP][PASSED] - appName = findTestData(dataFile).getValue("AppNameQA", row): null

2023-02-21 14:11:47 - [TEST_STEP][PASSED] - appID = findTestData(dataFile).getValue("AppIDQA", row): null

2023-02-21 14:11:47 - [TEST_STEP][PASSED] - break: null

2023-02-21 14:11:47 - [TEST_STEP][PASSED] - if (ExecuteTC.equalsIgnoreCase("Y")): Browser is closed

2023-02-21 14:11:47 - [TEST_STEP][PASSED] - out.println("Begin Record Number: " + row): null

2023-02-21 14:11:47 - [TEST_STEP][PASSED] - today = new java.util.Date(): null

2023-02-21 14:11:47 - [TEST_STEP][PASSED] - println(today): null

2023-02-21 14:11:47 - [TEST_STEP][PASSED] - datText = today: null

2023-02-21 14:11:47 - [TEST_STEP][PASSED] - adminSuiteBootstrap.loginFunctionality.login_AdminSuite(): adminSuiteBootstrap.loginFunctionality.login_AdminSuite is PASSED

2023-02-21 14:11:47 - [MESSAGE][INFO] - Starting 'Chrome' driver

2023-02-21 14:11:47 - [MESSAGE][INFO] - User set preference: ['acceptInsecureCerts', 'true']

2023-02-21 14:11:47 - [MESSAGE][INFO] - Action delay is set to 0 milliseconds

2023-02-21 14:11:51 - [MESSAGE][PASSED] - Browser is opened with url: 'https://qa.velocitypayment.com/admin/imtiaz'

2023-02-21 14:11:51 - [MESSAGE][PASSED] - Current window maximized

2023-02-21 14:11:51 - [MESSAGE][PASSED] - Object 'Object Repository/Login_Page/Login_Username' is present

2023-02-21 14:11:52 - [MESSAGE][PASSED] - Text 'iahmed' is set on object 'Object Repository/Login_Page/Login_Username'

2023-02-21 14:11:52 - [MESSAGE][PASSED] - Text 'hello2222' is set on object 'Object Repository/Login_Page/Login_Password'

2023-02-21 14:11:57 - [MESSAGE][PASSED] - Object: 'Object Repository/Login_Page/Login_Submit' is clicked on

2023-02-21 14:11:57 - [MESSAGE][PASSED] - adminSuiteBootstrap.loginFunctionality.login_AdminSuite is PASSED

2023-02-21 14:11:57 - [TEST_STEP][PASSED] - click(findTestObject(path_Dashboard + appName)): Object: 'Object Repository/AdminSuiteBootstrap_Pages/Dashboard_Bootstrap/a_Access AutoNoCFtp' is clicked on

2023-02-21 14:11:58 - [MESSAGE][PASSED] - Object: 'Object Repository/AdminSuiteBootstrap_Pages/Dashboard_Bootstrap/a_Access AutoNoCFtp' is clicked on

2023-02-21 14:11:58 - [TEST_STEP][PASSED] - click(findTestObject(path_VT + "a_Find Profile")): Object: 'Object Repository/AdminSuiteBootstrap_Pages/VT_Bootstrap/IssueTransactions/a_Find Profile' is clicked on

2023-02-21 14:11:59 - [MESSAGE][PASSED] - Object: 'Object Repository/AdminSuiteBootstrap_Pages/VT_Bootstrap/IssueTransactions/a_Find Profile' is clicked on

2023-02-21 14:11:59 - [TEST_STEP][PASSED] - vspBootstrap.SearchProfilePage.setDataSearchProfile(row, dataFile): vspBootstrap.SearchProfilePage.setDataSearchProfile is PASSED

2023-02-21 14:12:00 - [MESSAGE][PASSED] - Text 'imtiazstergosh@gmail.com' is set on object 'Object Repository/AdminSuiteBootstrap_Pages/VSP_Bootstrap/SearchProfile/input_Criteria'

2023-02-21 14:12:01 - [MESSAGE][PASSED] - All options with label 'Email Address' are selected in object 'Object Repository/AdminSuiteBootstrap_Pages/VSP_Bootstrap/SearchProfile/select_SearchBy'  using regular expression

2023-02-21 14:12:02 - [MESSAGE][PASSED] - Object: 'Object Repository/AdminSuiteBootstrap_Pages/VSP_Bootstrap/SearchProfile/button_Search' is clicked on

2023-02-21 14:12:02 - [MESSAGE][PASSED] - vspBootstrap.SearchProfilePage.setDataSearchProfile is PASSED

2023-02-21 14:12:02 - [TEST_STEP][PASSED] - verifyElementVisible(findTestObject(path_ViewProfile + "a_ProfileToBeSearched")): Object 'Object Repository/AdminSuiteBootstrap_Pages/VSP_Bootstrap/View Profile/a_ProfileToBeSearched' is visible

2023-02-21 14:12:03 - [MESSAGE][PASSED] - Object 'Object Repository/AdminSuiteBootstrap_Pages/VSP_Bootstrap/View Profile/a_ProfileToBeSearched' is visible

2023-02-21 14:12:03 - [TEST_STEP][PASSED] - verifyElementPresent(findTestObject(path_ViewProfile + "a_ProfileToBeSearched"), 30): Object 'Object Repository/AdminSuiteBootstrap_Pages/VSP_Bootstrap/View Profile/a_ProfileToBeSearched' is present

2023-02-21 14:12:03 - [MESSAGE][PASSED] - Object 'Object Repository/AdminSuiteBootstrap_Pages/VSP_Bootstrap/View Profile/a_ProfileToBeSearched' is present

2023-02-21 14:12:03 - [TEST_STEP][PASSED] - closeBrowser(): Browser is closed

2023-02-21 14:12:04 - [MESSAGE][PASSED] - Browser is closed]]></system-out>
         <system-err><![CDATA[]]></system-err>
      </testcase>
      <system-out><![CDATA[2023-02-21 13:54:02 - [TEST_SUITE][PASSED] - VSP-Profile-TestSuite: Test Cases/Admin Suite Bootstrap/VSP_Profile_TestCases/SearchProfile_Generic_TC]]></system-out>
      <system-err><![CDATA[]]></system-err>
   </testsuite>
</testsuites>
